INFO: [VRFC 10-163] Analyzing VHDL file "C:/Users/YaKerTaker/Google Drive/8vo/Arquitectura-Computadoras/Practica6/ArchivoRegistros/ArchivoRegistros.sim/sim_1/synth/func/xsim/test_bench_func_synth.vhd" into library xil_defaultlib
INFO: [VRFC 10-3107] analyzing entity 'Demultiplexor'
INFO: [VRFC 10-3107] analyzing entity 'Registro'
INFO: [VRFC 10-3107] analyzing entity 'Registro_0'
INFO: [VRFC 10-3107] analyzing entity 'Registro_1'
INFO: [VRFC 10-3107] analyzing entity 'Registro_10'
INFO: [VRFC 10-3107] analyzing entity 'Registro_11'
INFO: [VRFC 10-3107] analyzing entity 'Registro_12'
INFO: [VRFC 10-3107] analyzing entity 'Registro_13'
INFO: [VRFC 10-3107] analyzing entity 'Registro_14'
INFO: [VRFC 10-3107] analyzing entity 'Registro_2'
INFO: [VRFC 10-3107] analyzing entity 'Registro_3'
INFO: [VRFC 10-3107] analyzing entity 'Registro_4'
INFO: [VRFC 10-3107] analyzing entity 'Registro_5'
INFO: [VRFC 10-3107] analyzing entity 'Registro_6'
INFO: [VRFC 10-3107] analyzing entity 'Registro_7'
INFO: [VRFC 10-3107] analyzing entity 'Registro_8'
INFO: [VRFC 10-3107] analyzing entity 'Registro_9'
INFO: [VRFC 10-3107] analyzing entity 'ArchivoRegistros'
INFO: [VRFC 10-163] Analyzing VHDL file "C:/Users/YaKerTaker/Google Drive/8vo/Arquitectura-Computadoras/Practica6/ArchivoRegistros/ArchivoRegistros.srcs/sim_1/new/test_bench.vhd" into library xil_defaultlib
INFO: [VRFC 10-3107] analyzing entity 'test_bench'
