
*** Running vivado
    with args -log sum_resNbits.vds -m64 -product Vivado -mode batch -messageDb vivado.pb -notrace -source sum_resNbits.tcl


****** Vivado v2019.1 (64-bit)
  **** SW Build 2552052 on Fri May 24 14:49:42 MDT 2019
  **** IP Build 2548770 on Fri May 24 18:01:18 MDT 2019
    ** Copyright 1986-2019 Xilinx, Inc. All Rights Reserved.

source sum_resNbits.tcl -notrace
Command: synth_design -top sum_resNbits -part xc7a100tcsg324-1
Starting synth_design
Attempting to get a license for feature 'Synthesis' and/or device 'xc7a100t'
INFO: [Common 17-349] Got license for feature 'Synthesis' and/or device 'xc7a100t'
INFO: Launching helper process for spawning children vivado processes
INFO: Helper process launched with PID 14284 
---------------------------------------------------------------------------------
Starting Synthesize : Time (s): cpu = 00:00:03 ; elapsed = 00:00:06 . Memory (MB): peak = 470.035 ; gain = 183.441
---------------------------------------------------------------------------------
INFO: [Synth 8-638] synthesizing module 'sum_resNbits' [C:/Users/YaKerTaker/Google Drive/8vo/Arquitectura-Computadoras/Practica2/SumResNBits/SumResNBits.srcs/sources_1/new/sum_resNbits.vhd:12]
	Parameter n bound to: 8 - type: integer 
INFO: [Synth 8-3491] module 'sum1bit' declared at 'C:/Users/YaKerTaker/Google Drive/8vo/Arquitectura-Computadoras/Practica2/SumResNBits/SumResNBits.srcs/sources_1/new/sum1bit.vhd:4' bound to instance 'bit0' of component 'sum1bit' [C:/Users/YaKerTaker/Google Drive/8vo/Arquitectura-Computadoras/Practica2/SumResNBits/SumResNBits.srcs/sources_1/new/sum_resNbits.vhd:24]
INFO: [Synth 8-638] synthesizing module 'sum1bit' [C:/Users/YaKerTaker/Google Drive/8vo/Arquitectura-Computadoras/Practica2/SumResNBits/SumResNBits.srcs/sources_1/new/sum1bit.vhd:9]
INFO: [Synth 8-256] done synthesizing module 'sum1bit' (1#1) [C:/Users/YaKerTaker/Google Drive/8vo/Arquitectura-Computadoras/Practica2/SumResNBits/SumResNBits.srcs/sources_1/new/sum1bit.vhd:9]
INFO: [Synth 8-3491] module 'sum1bit' declared at 'C:/Users/YaKerTaker/Google Drive/8vo/Arquitectura-Computadoras/Practica2/SumResNBits/SumResNBits.srcs/sources_1/new/sum1bit.vhd:4' bound to instance 'bit0' of component 'sum1bit' [C:/Users/YaKerTaker/Google Drive/8vo/Arquitectura-Computadoras/Practica2/SumResNBits/SumResNBits.srcs/sources_1/new/sum_resNbits.vhd:24]
INFO: [Synth 8-3491] module 'sum1bit' declared at 'C:/Users/YaKerTaker/Google Drive/8vo/Arquitectura-Computadoras/Practica2/SumResNBits/SumResNBits.srcs/sources_1/new/sum1bit.vhd:4' bound to instance 'bit0' of component 'sum1bit' [C:/Users/YaKerTaker/Google Drive/8vo/Arquitectura-Computadoras/Practica2/SumResNBits/SumResNBits.srcs/sources_1/new/sum_resNbits.vhd:24]
INFO: [Synth 8-3491] module 'sum1bit' declared at 'C:/Users/YaKerTaker/Google Drive/8vo/Arquitectura-Computadoras/Practica2/SumResNBits/SumResNBits.srcs/sources_1/new/sum1bit.vhd:4' bound to instance 'bit0' of component 'sum1bit' [C:/Users/YaKerTaker/Google Drive/8vo/Arquitectura-Computadoras/Practica2/SumResNBits/SumResNBits.srcs/sources_1/new/sum_resNbits.vhd:24]
INFO: [Synth 8-3491] module 'sum1bit' declared at 'C:/Users/YaKerTaker/Google Drive/8vo/Arquitectura-Computadoras/Practica2/SumResNBits/SumResNBits.srcs/sources_1/new/sum1bit.vhd:4' bound to instance 'bit0' of component 'sum1bit' [C:/Users/YaKerTaker/Google Drive/8vo/Arquitectura-Computadoras/Practica2/SumResNBits/SumResNBits.srcs/sources_1/new/sum_resNbits.vhd:24]
INFO: [Synth 8-3491] module 'sum1bit' declared at 'C:/Users/YaKerTaker/Google Drive/8vo/Arquitectura-Computadoras/Practica2/SumResNBits/SumResNBits.srcs/sources_1/new/sum1bit.vhd:4' bound to instance 'bit0' of component 'sum1bit' [C:/Users/YaKerTaker/Google Drive/8vo/Arquitectura-Computadoras/Practica2/SumResNBits/SumResNBits.srcs/sources_1/new/sum_resNbits.vhd:24]
INFO: [Synth 8-3491] module 'sum1bit' declared at 'C:/Users/YaKerTaker/Google Drive/8vo/Arquitectura-Computadoras/Practica2/SumResNBits/SumResNBits.srcs/sources_1/new/sum1bit.vhd:4' bound to instance 'bit0' of component 'sum1bit' [C:/Users/YaKerTaker/Google Drive/8vo/Arquitectura-Computadoras/Practica2/SumResNBits/SumResNBits.srcs/sources_1/new/sum_resNbits.vhd:24]
INFO: [Synth 8-3491] module 'sum1bit' declared at 'C:/Users/YaKerTaker/Google Drive/8vo/Arquitectura-Computadoras/Practica2/SumResNBits/SumResNBits.srcs/sources_1/new/sum1bit.vhd:4' bound to instance 'bit0' of component 'sum1bit' [C:/Users/YaKerTaker/Google Drive/8vo/Arquitectura-Computadoras/Practica2/SumResNBits/SumResNBits.srcs/sources_1/new/sum_resNbits.vhd:24]
INFO: [Synth 8-256] done synthesizing module 'sum_resNbits' (2#1) [C:/Users/YaKerTaker/Google Drive/8vo/Arquitectura-Computadoras/Practica2/SumResNBits/SumResNBits.srcs/sources_1/new/sum_resNbits.vhd:12]
---------------------------------------------------------------------------------
Finished Synthesize : Time (s): cpu = 00:00:04 ; elapsed = 00:00:07 . Memory (MB): peak = 534.094 ; gain = 247.500
---------------------------------------------------------------------------------
---------------------------------------------------------------------------------
Finished Constraint Validation : Time (s): cpu = 00:00:04 ; elapsed = 00:00:07 . Memory (MB): peak = 534.094 ; gain = 247.500
---------------------------------------------------------------------------------
---------------------------------------------------------------------------------
Start Loading Part and Timing Information
---------------------------------------------------------------------------------
Loading part: xc7a100tcsg324-1
---------------------------------------------------------------------------------
INFO: [Device 21-403] Loading part xc7a100tcsg324-1
Finished Loading Part and Timing Information : Time (s): cpu = 00:00:04 ; elapsed = 00:00:08 . Memory (MB): peak = 534.094 ; gain = 247.500
---------------------------------------------------------------------------------
---------------------------------------------------------------------------------
Finished RTL Optimization Phase 2 : Time (s): cpu = 00:00:04 ; elapsed = 00:00:08 . Memory (MB): peak = 534.094 ; gain = 247.500
---------------------------------------------------------------------------------

Report RTL Partitions: 
+-+--------------+------------+----------+
| |RTL Partition |Replication |Instances |
+-+--------------+------------+----------+
+-+--------------+------------+----------+
No constraint files found.
---------------------------------------------------------------------------------
Start RTL Component Statistics 
---------------------------------------------------------------------------------
Detailed RTL Component Info : 
+---XORs : 
	   3 Input      1 Bit         XORs := 8     
	   2 Input      1 Bit         XORs := 8     
---------------------------------------------------------------------------------
Finished RTL Component Statistics 
---------------------------------------------------------------------------------
---------------------------------------------------------------------------------
Start RTL Hierarchical Component Statistics 
---------------------------------------------------------------------------------
Hierarchical RTL Component report 
Module sum_resNbits 
Detailed RTL Component Info : 
+---XORs : 
	   2 Input      1 Bit         XORs := 8     
Module sum1bit 
Detailed RTL Component Info : 
+---XORs : 
	   3 Input      1 Bit         XORs := 1     
---------------------------------------------------------------------------------
Finished RTL Hierarchical Component Statistics
---------------------------------------------------------------------------------
---------------------------------------------------------------------------------
Start Part Resource Summary
---------------------------------------------------------------------------------
Part Resources:
DSPs: 240 (col length:80)
BRAMs: 270 (col length: RAMB18 80 RAMB36 40)
---------------------------------------------------------------------------------
Finished Part Resource Summary
---------------------------------------------------------------------------------
No constraint files found.
---------------------------------------------------------------------------------
Start Cross Boundary and Area Optimization
---------------------------------------------------------------------------------
Warning: Parallel synthesis criteria is not met 
---------------------------------------------------------------------------------
Finished Cross Boundary and Area Optimization : Time (s): cpu = 00:00:08 ; elapsed = 00:00:13 . Memory (MB): peak = 676.996 ; gain = 390.402
---------------------------------------------------------------------------------

Report RTL Partitions: 
+-+--------------+------------+----------+
| |RTL Partition |Replication |Instances |
+-+--------------+------------+----------+
+-+--------------+------------+----------+
No constraint files found.
---------------------------------------------------------------------------------
Start Timing Optimization
---------------------------------------------------------------------------------
---------------------------------------------------------------------------------
Finished Timing Optimization : Time (s): cpu = 00:00:08 ; elapsed = 00:00:13 . Memory (MB): peak = 678.918 ; gain = 392.324
---------------------------------------------------------------------------------

Report RTL Partitions: 
+-+--------------+------------+----------+
| |RTL Partition |Replication |Instances |
+-+--------------+------------+----------+
+-+--------------+------------+----------+
---------------------------------------------------------------------------------
Start Technology Mapping
---------------------------------------------------------------------------------
---------------------------------------------------------------------------------
Finished Technology Mapping : Time (s): cpu = 00:00:08 ; elapsed = 00:00:13 . Memory (MB): peak = 678.918 ; gain = 392.324
---------------------------------------------------------------------------------

Report RTL Partitions: 
+-+--------------+------------+----------+
| |RTL Partition |Replication |Instances |
+-+--------------+------------+----------+
+-+--------------+------------+----------+
---------------------------------------------------------------------------------
Start IO Insertion
---------------------------------------------------------------------------------
---------------------------------------------------------------------------------
Start Flattening Before IO Insertion
---------------------------------------------------------------------------------
---------------------------------------------------------------------------------
Finished Flattening Before IO Insertion
---------------------------------------------------------------------------------
---------------------------------------------------------------------------------
Start Final Netlist Cleanup
---------------------------------------------------------------------------------
---------------------------------------------------------------------------------
Finished Final Netlist Cleanup
---------------------------------------------------------------------------------
---------------------------------------------------------------------------------
Finished IO Insertion : Time (s): cpu = 00:00:11 ; elapsed = 00:00:16 . Memory (MB): peak = 678.918 ; gain = 392.324
---------------------------------------------------------------------------------

Report Check Netlist: 
+------+------------------+-------+---------+-------+------------------+
|      |Item              |Errors |Warnings |Status |Description       |
+------+------------------+-------+---------+-------+------------------+
|1     |multi_driven_nets |      0|        0|Passed |Multi driven nets |
+------+------------------+-------+---------+-------+------------------+
---------------------------------------------------------------------------------
Start Renaming Generated Instances
---------------------------------------------------------------------------------
---------------------------------------------------------------------------------
Finished Renaming Generated Instances : Time (s): cpu = 00:00:11 ; elapsed = 00:00:16 . Memory (MB): peak = 678.918 ; gain = 392.324
---------------------------------------------------------------------------------

Report RTL Partitions: 
+-+--------------+------------+----------+
| |RTL Partition |Replication |Instances |
+-+--------------+------------+----------+
+-+--------------+------------+----------+
---------------------------------------------------------------------------------
Start Rebuilding User Hierarchy
---------------------------------------------------------------------------------
---------------------------------------------------------------------------------
Finished Rebuilding User Hierarchy : Time (s): cpu = 00:00:11 ; elapsed = 00:00:16 . Memory (MB): peak = 678.918 ; gain = 392.324
---------------------------------------------------------------------------------
---------------------------------------------------------------------------------
Start Renaming Generated Ports
---------------------------------------------------------------------------------
---------------------------------------------------------------------------------
Finished Renaming Generated Ports : Time (s): cpu = 00:00:11 ; elapsed = 00:00:16 . Memory (MB): peak = 678.918 ; gain = 392.324
---------------------------------------------------------------------------------
---------------------------------------------------------------------------------
Start Handling Custom Attributes
---------------------------------------------------------------------------------
---------------------------------------------------------------------------------
Finished Handling Custom Attributes : Time (s): cpu = 00:00:11 ; elapsed = 00:00:16 . Memory (MB): peak = 678.918 ; gain = 392.324
---------------------------------------------------------------------------------
---------------------------------------------------------------------------------
Start Renaming Generated Nets
---------------------------------------------------------------------------------
---------------------------------------------------------------------------------
Finished Renaming Generated Nets : Time (s): cpu = 00:00:11 ; elapsed = 00:00:16 . Memory (MB): peak = 678.918 ; gain = 392.324
---------------------------------------------------------------------------------
---------------------------------------------------------------------------------
Start Writing Synthesis Report
---------------------------------------------------------------------------------

Report BlackBoxes: 
+-+--------------+----------+
| |BlackBox name |Instances |
+-+--------------+----------+
+-+--------------+----------+

Report Cell Usage: 
+------+-----+------+
|      |Cell |Count |
+------+-----+------+
|1     |LUT2 |     1|
|2     |LUT4 |     3|
|3     |LUT5 |     2|
|4     |LUT6 |     6|
|5     |IBUF |    17|
|6     |OBUF |     9|
+------+-----+------+

Report Instance Areas: 
+------+---------+-------+------+
|      |Instance |Module |Cells |
+------+---------+-------+------+
|1     |top      |       |    38|
+------+---------+-------+------+
---------------------------------------------------------------------------------
Finished Writing Synthesis Report : Time (s): cpu = 00:00:11 ; elapsed = 00:00:16 . Memory (MB): peak = 678.918 ; gain = 392.324
---------------------------------------------------------------------------------
Synthesis finished with 0 errors, 0 critical warnings and 0 warnings.
Synthesis Optimization Runtime : Time (s): cpu = 00:00:11 ; elapsed = 00:00:16 . Memory (MB): peak = 678.918 ; gain = 392.324
Synthesis Optimization Complete : Time (s): cpu = 00:00:11 ; elapsed = 00:00:16 . Memory (MB): peak = 678.918 ; gain = 392.324
INFO: [Project 1-571] Translating synthesized netlist
INFO: [Project 1-570] Preparing netlist for logic optimization
INFO: [Opt 31-138] Pushed 0 inverter(s) to 0 load pin(s).
Netlist sorting complete. Time (s): cpu = 00:00:00 ; elapsed = 00:00:00 . Memory (MB): peak = 796.434 ; gain = 0.000
INFO: [Project 1-111] Unisim Transformation Summary:
No Unisim elements were transformed.

INFO: [Common 17-83] Releasing license: Synthesis
19 Infos, 0 Warnings, 0 Critical Warnings and 0 Errors encountered.
synth_design completed successfully
synth_design: Time (s): cpu = 00:00:15 ; elapsed = 00:00:23 . Memory (MB): peak = 796.434 ; gain = 509.840
Netlist sorting complete. Time (s): cpu = 00:00:00 ; elapsed = 00:00:00.001 . Memory (MB): peak = 796.434 ; gain = 0.000
WARNING: [Constraints 18-5210] No constraints selected for write.
Resolution: This message can indicate that there are no constraints for the design, or it can indicate that the used_in flags are set such that the constraints are ignored. This later case is used when running synth_design to not write synthesis constraints to the resulting checkpoint. Instead, project constraints are read when the synthesized design is opened.
INFO: [Common 17-1381] The checkpoint 'C:/Users/YaKerTaker/Google Drive/8vo/Arquitectura-Computadoras/Practica2/SumResNBits/SumResNBits.runs/synth_1/sum_resNbits.dcp' has been generated.
INFO: [runtcl-4] Executing : report_utilization -file sum_resNbits_utilization_synth.rpt -pb sum_resNbits_utilization_synth.pb
INFO: [Common 17-206] Exiting Vivado at Thu Feb 20 20:53:22 2020...
