Vivado Simulator 2019.1
Copyright 1986-1999, 2001-2019 Xilinx, Inc. All Rights Reserved.
Running: C:/Xilinx/Vivado/2019.1/bin/unwrapped/win64.o/xelab.exe -wto c21b0400a98545e59ac4650c8a0a8bf0 --incr --debug typical --relax --mt 2 -L xil_defaultlib -L secureip --snapshot test_bench_behav xil_defaultlib.test_bench -log elaborate.log 
Using 2 slave threads.
Starting static elaboration
Completed static elaboration
Starting simulation data flow analysis
Completed simulation data flow analysis
Time Resolution for simulation is 1ps
Compiling package std.standard
Compiling package std.textio
Compiling package ieee.std_logic_1164
Compiling package ieee.std_logic_textio
Compiling package ieee.std_logic_arith
Compiling package ieee.std_logic_unsigned
Compiling architecture behavioral of entity xil_defaultlib.Registro [registro_default]
Compiling architecture behavioral of entity xil_defaultlib.Demultiplexor [demultiplexor_default]
Compiling architecture behavioral of entity xil_defaultlib.Multiplexor [multiplexor_default]
Compiling architecture behavioral of entity xil_defaultlib.BarrelShifter [barrelshifter_default]
Compiling architecture behavioral of entity xil_defaultlib.Mux2C [mux2c_default]
Compiling architecture behavioral of entity xil_defaultlib.ArchivoRegistros [archivoregistros_default]
Compiling architecture behavioral of entity xil_defaultlib.test_bench
Built simulation snapshot test_bench_behav
