#-----------------------------------------------------------
# Vivado v2019.1 (64-bit)
# SW Build 2552052 on Fri May 24 14:49:42 MDT 2019
# IP Build 2548770 on Fri May 24 18:01:18 MDT 2019
# Start of session at: Sat May 16 17:22:36 2020
# Process ID: 13432
# Current directory: C:/Users/YaKerTaker/Google Drive/8vo/Arquitectura-Computadoras/Practica10/Pila
# Command line: vivado.exe -gui_launcher_event rodinguilauncherevent7248 C:\Users\YaKerTaker\Google Drive\8vo\Arquitectura-Computadoras\Practica10\Pila\Pila.xpr
# Log file: C:/Users/YaKerTaker/Google Drive/8vo/Arquitectura-Computadoras/Practica10/Pila/vivado.log
# Journal file: C:/Users/YaKerTaker/Google Drive/8vo/Arquitectura-Computadoras/Practica10/Pila\vivado.jou
#-----------------------------------------------------------
start_gui
open_project {C:/Users/YaKerTaker/Google Drive/8vo/Arquitectura-Computadoras/Practica10/Pila/Pila.xpr}
Scanning sources...
Finished scanning sources
INFO: [IP_Flow 19-234] Refreshing IP repositories
INFO: [IP_Flow 19-1704] No user IP repositories specified
INFO: [IP_Flow 19-2313] Loaded Vivado IP repository 'C:/Xilinx/Vivado/2019.1/data/ip'.
open_project: Time (s): cpu = 00:00:11 ; elapsed = 00:00:06 . Memory (MB): peak = 725.992 ; gain = 79.742
update_compile_order -fileset sources_1
launch_simulation
INFO: [Vivado 12-5682] Launching behavioral simulation in 'C:/Users/YaKerTaker/Google Drive/8vo/Arquitectura-Computadoras/Practica10/Pila/Pila.sim/sim_1/behav/xsim'
INFO: [SIM-utils-51] Simulation object is 'sim_1'
INFO: [SIM-utils-54] Inspecting design source files for 'test_bench' in fileset 'sim_1'...
INFO: [USF-XSim-97] Finding global include files...
INFO: [USF-XSim-98] Fetching design files from 'sim_1'...
INFO: [USF-XSim-2] XSim::Compile design
INFO: [USF-XSim-61] Executing 'COMPILE and ANALYZE' step in 'C:/Users/YaKerTaker/Google Drive/8vo/Arquitectura-Computadoras/Practica10/Pila/Pila.sim/sim_1/behav/xsim'
"xvhdl --incr --relax -prj test_bench_vhdl.prj"
INFO: [VRFC 10-163] Analyzing VHDL file "C:/Users/YaKerTaker/Google Drive/8vo/Arquitectura-Computadoras/Practica10/Pila/Pila.srcs/sources_1/new/Pila.vhd" into library xil_defaultlib
INFO: [VRFC 10-3107] analyzing entity 'Pila'
INFO: [VRFC 10-163] Analyzing VHDL file "C:/Users/YaKerTaker/Google Drive/8vo/Arquitectura-Computadoras/Practica10/Pila/Pila.srcs/sim_1/new/test_bench.vhd" into library xil_defaultlib
INFO: [VRFC 10-3107] analyzing entity 'test_bench'
INFO: [USF-XSim-69] 'compile' step finished in '3' seconds
INFO: [USF-XSim-3] XSim::Elaborate design
INFO: [USF-XSim-61] Executing 'ELABORATE' step in 'C:/Users/YaKerTaker/Google Drive/8vo/Arquitectura-Computadoras/Practica10/Pila/Pila.sim/sim_1/behav/xsim'
"xelab -wto 837437d138aa4004936e74f9f8555baa --incr --debug typical --relax --mt 2 -L xil_defaultlib -L secureip --snapshot test_bench_behav xil_defaultlib.test_bench -log elaborate.log"
Vivado Simulator 2019.1
Copyright 1986-1999, 2001-2019 Xilinx, Inc. All Rights Reserved.
Running: C:/Xilinx/Vivado/2019.1/bin/unwrapped/win64.o/xelab.exe -wto 837437d138aa4004936e74f9f8555baa --incr --debug typical --relax --mt 2 -L xil_defaultlib -L secureip --snapshot test_bench_behav xil_defaultlib.test_bench -log elaborate.log 
Using 2 slave threads.
Starting static elaboration
Completed static elaboration
Starting simulation data flow analysis
Completed simulation data flow analysis
Time Resolution for simulation is 1ps
Compiling package std.standard
Compiling package std.textio
Compiling package ieee.std_logic_1164
Compiling package ieee.std_logic_arith
Compiling package ieee.std_logic_unsigned
Compiling package ieee.std_logic_textio
Compiling architecture behavioral of entity xil_defaultlib.Pila [pila_default]
Compiling architecture behavioral of entity xil_defaultlib.test_bench
Built simulation snapshot test_bench_behav

****** Webtalk v2019.1 (64-bit)
  **** SW Build 2552052 on Fri May 24 14:49:42 MDT 2019
  **** IP Build 2548770 on Fri May 24 18:01:18 MDT 2019
    ** Copyright 1986-2019 Xilinx, Inc. All Rights Reserved.

source C:/Users/YaKerTaker/Google -notrace
couldn't read file "C:/Users/YaKerTaker/Google": permission denied
INFO: [Common 17-206] Exiting Webtalk at Sat May 16 17:23:11 2020...
run_program: Time (s): cpu = 00:00:00 ; elapsed = 00:00:06 . Memory (MB): peak = 725.992 ; gain = 0.000
INFO: [USF-XSim-69] 'elaborate' step finished in '6' seconds
INFO: [USF-XSim-4] XSim::Simulate design
INFO: [USF-XSim-61] Executing 'SIMULATE' step in 'C:/Users/YaKerTaker/Google Drive/8vo/Arquitectura-Computadoras/Practica10/Pila/Pila.sim/sim_1/behav/xsim'
INFO: [USF-XSim-98] *** Running xsim
   with args "test_bench_behav -key {Behavioral:sim_1:Functional:test_bench} -tclbatch {test_bench.tcl} -view {{C:/Users/YaKerTaker/Google Drive/8vo/Arquitectura-Computadoras/Practica10/Pila/test_bench_behav.wcfg}} -log {simulate.log}"
INFO: [USF-XSim-8] Loading simulator feature
Vivado Simulator 2019.1
Time resolution is 1 ps
open_wave_config {C:/Users/YaKerTaker/Google Drive/8vo/Arquitectura-Computadoras/Practica10/Pila/test_bench_behav.wcfg}
source test_bench.tcl
# set curr_wave [current_wave_config]
# if { [string length $curr_wave] == 0 } {
#   if { [llength [get_objects]] > 0} {
#     add_wave /
#     set_property needs_save false [current_wave_config]
#   } else {
#      send_msg_id Add_Wave-1 WARNING "No top level signals found. Simulator will start without a wave window. If you want to open a wave window go to 'File->New Waveform Configuration' or type 'create_wave_config' in the TCL console."
#   }
# }
# run 1000ns
Error: File C:\Users\YaKerTaker\Google Drive\8vo\Arquitectura-Computadoras\Practica10\Pila\Pila.srcs\sim_1\new\Estimulos.txt is already at the end of file, nothing to read
Time: 235 ns  Iteration: 1  Process: /test_bench/line__42  File: C:/Users/YaKerTaker/Google Drive/8vo/Arquitectura-Computadoras/Practica10/Pila/Pila.srcs/sim_1/new/test_bench.vhd
Error: STD_LOGIC_1164.HREAD End of string encountered
Time: 235 ns  Iteration: 1  Process: /test_bench/line__42  File: C:/Users/YaKerTaker/Google Drive/8vo/Arquitectura-Computadoras/Practica10/Pila/Pila.srcs/sim_1/new/test_bench.vhd
Error: STD_LOGIC_1164.READ(STD_ULOGIC) End of string encountered
Time: 235 ns  Iteration: 1  Process: /test_bench/line__42  File: C:/Users/YaKerTaker/Google Drive/8vo/Arquitectura-Computadoras/Practica10/Pila/Pila.srcs/sim_1/new/test_bench.vhd
Error: STD_LOGIC_1164.READ(STD_ULOGIC) End of string encountered
Time: 235 ns  Iteration: 1  Process: /test_bench/line__42  File: C:/Users/YaKerTaker/Google Drive/8vo/Arquitectura-Computadoras/Practica10/Pila/Pila.srcs/sim_1/new/test_bench.vhd
Error: STD_LOGIC_1164.READ(STD_ULOGIC) End of string encountered
Time: 235 ns  Iteration: 1  Process: /test_bench/line__42  File: C:/Users/YaKerTaker/Google Drive/8vo/Arquitectura-Computadoras/Practica10/Pila/Pila.srcs/sim_1/new/test_bench.vhd
Error: STD_LOGIC_1164.READ(STD_ULOGIC) End of string encountered
Time: 235 ns  Iteration: 1  Process: /test_bench/line__42  File: C:/Users/YaKerTaker/Google Drive/8vo/Arquitectura-Computadoras/Practica10/Pila/Pila.srcs/sim_1/new/test_bench.vhd
INFO: [USF-XSim-96] XSim completed. Design snapshot 'test_bench_behav' loaded.
INFO: [USF-XSim-97] XSim simulation ran for 1000ns
launch_simulation: Time (s): cpu = 00:00:08 ; elapsed = 00:00:13 . Memory (MB): peak = 725.992 ; gain = 0.000
close_sim
INFO: [Simtcl 6-16] Simulation closed
close_project
open_project {C:/Users/YaKerTaker/Google Drive/8vo/Arquitectura-Computadoras/Practica11/Pila_MemPrograma/Pila_MemPrograma.xpr}
INFO: [ProjectBase 1-489] The host OS only allows 260 characters in a normal path. The project is stored in a path with more than 80 characters. If you experience issues with IP, Block Designs, or files not being found, please consider moving the project to a location with a shorter path. Alternately consider using the OS subst command to map part of the path to a drive letter.
Current project path is 'C:/Users/YaKerTaker/Google Drive/8vo/Arquitectura-Computadoras/Practica11/Pila_MemPrograma'
Scanning sources...
Finished scanning sources
INFO: [IP_Flow 19-234] Refreshing IP repositories
INFO: [IP_Flow 19-1704] No user IP repositories specified
INFO: [IP_Flow 19-2313] Loaded Vivado IP repository 'C:/Xilinx/Vivado/2019.1/data/ip'.
update_compile_order -fileset sources_1
launch_simulation
INFO: [Vivado 12-5682] Launching behavioral simulation in 'C:/Users/YaKerTaker/Google Drive/8vo/Arquitectura-Computadoras/Practica11/Pila_MemPrograma/Pila_MemPrograma.sim/sim_1/behav/xsim'
INFO: [SIM-utils-51] Simulation object is 'sim_1'
INFO: [SIM-utils-54] Inspecting design source files for 'test_bench' in fileset 'sim_1'...
INFO: [USF-XSim-97] Finding global include files...
INFO: [USF-XSim-98] Fetching design files from 'sim_1'...
INFO: [USF-XSim-2] XSim::Compile design
INFO: [USF-XSim-61] Executing 'COMPILE and ANALYZE' step in 'C:/Users/YaKerTaker/Google Drive/8vo/Arquitectura-Computadoras/Practica11/Pila_MemPrograma/Pila_MemPrograma.sim/sim_1/behav/xsim'
"xvhdl --incr --relax -prj test_bench_vhdl.prj"
INFO: [VRFC 10-163] Analyzing VHDL file "C:/Users/YaKerTaker/Google Drive/8vo/Arquitectura-Computadoras/Practica11/Pila_MemPrograma/Pila_MemPrograma.srcs/sources_1/new/Pila2.vhd" into library xil_defaultlib
INFO: [VRFC 10-3107] analyzing entity 'Pila2'
INFO: [VRFC 10-163] Analyzing VHDL file "C:/Users/YaKerTaker/Google Drive/8vo/Arquitectura-Computadoras/Practica11/Pila_MemPrograma/Pila_MemPrograma.srcs/sources_1/new/Pila_MemPrograma.vhd" into library xil_defaultlib
INFO: [VRFC 10-3107] analyzing entity 'Pila_MemPrograma'
INFO: [VRFC 10-163] Analyzing VHDL file "C:/Users/YaKerTaker/Google Drive/8vo/Arquitectura-Computadoras/Practica11/Pila_MemPrograma/Pila_MemPrograma.srcs/sim_1/new/test_bench.vhd" into library xil_defaultlib
INFO: [VRFC 10-3107] analyzing entity 'test_bench'
INFO: [USF-XSim-69] 'compile' step finished in '2' seconds
INFO: [USF-XSim-3] XSim::Elaborate design
INFO: [USF-XSim-61] Executing 'ELABORATE' step in 'C:/Users/YaKerTaker/Google Drive/8vo/Arquitectura-Computadoras/Practica11/Pila_MemPrograma/Pila_MemPrograma.sim/sim_1/behav/xsim'
"xelab -wto 1da427fe7c974f0f9bd9566da40ab0a5 --incr --debug typical --relax --mt 2 -L xil_defaultlib -L secureip --snapshot test_bench_behav xil_defaultlib.test_bench -log elaborate.log"
Vivado Simulator 2019.1
Copyright 1986-1999, 2001-2019 Xilinx, Inc. All Rights Reserved.
Running: C:/Xilinx/Vivado/2019.1/bin/unwrapped/win64.o/xelab.exe -wto 1da427fe7c974f0f9bd9566da40ab0a5 --incr --debug typical --relax --mt 2 -L xil_defaultlib -L secureip --snapshot test_bench_behav xil_defaultlib.test_bench -log elaborate.log 
Using 2 slave threads.
Starting static elaboration
Completed static elaboration
Starting simulation data flow analysis
Completed simulation data flow analysis
Time Resolution for simulation is 1ps
Compiling package std.standard
Compiling package std.textio
Compiling package ieee.std_logic_1164
Compiling package ieee.std_logic_arith
Compiling package ieee.std_logic_unsigned
Compiling package ieee.std_logic_textio
Compiling architecture behavioral of entity xil_defaultlib.Pila2 [pila2_default]
Compiling architecture behavioral of entity xil_defaultlib.Pila_MemPrograma [pila_memprograma_default]
Compiling architecture behavioral of entity xil_defaultlib.test_bench
Built simulation snapshot test_bench_behav

****** Webtalk v2019.1 (64-bit)
  **** SW Build 2552052 on Fri May 24 14:49:42 MDT 2019
  **** IP Build 2548770 on Fri May 24 18:01:18 MDT 2019
    ** Copyright 1986-2019 Xilinx, Inc. All Rights Reserved.

source C:/Users/YaKerTaker/Google -notrace
couldn't read file "C:/Users/YaKerTaker/Google": permission denied
INFO: [Common 17-206] Exiting Webtalk at Sat May 16 17:24:28 2020...
INFO: [USF-XSim-69] 'elaborate' step finished in '4' seconds
INFO: [USF-XSim-4] XSim::Simulate design
INFO: [USF-XSim-61] Executing 'SIMULATE' step in 'C:/Users/YaKerTaker/Google Drive/8vo/Arquitectura-Computadoras/Practica11/Pila_MemPrograma/Pila_MemPrograma.sim/sim_1/behav/xsim'
INFO: [USF-XSim-98] *** Running xsim
   with args "test_bench_behav -key {Behavioral:sim_1:Functional:test_bench} -tclbatch {test_bench.tcl} -log {simulate.log}"
INFO: [USF-XSim-8] Loading simulator feature
Vivado Simulator 2019.1
Time resolution is 1 ps
source test_bench.tcl
# set curr_wave [current_wave_config]
# if { [string length $curr_wave] == 0 } {
#   if { [llength [get_objects]] > 0} {
#     add_wave /
#     set_property needs_save false [current_wave_config]
#   } else {
#      send_msg_id Add_Wave-1 WARNING "No top level signals found. Simulator will start without a wave window. If you want to open a wave window go to 'File->New Waveform Configuration' or type 'create_wave_config' in the TCL console."
#   }
# }
# run 1000ns
INFO: [USF-XSim-96] XSim completed. Design snapshot 'test_bench_behav' loaded.
INFO: [USF-XSim-97] XSim simulation ran for 1000ns
launch_simulation: Time (s): cpu = 00:00:04 ; elapsed = 00:00:09 . Memory (MB): peak = 741.254 ; gain = 0.000
update_compile_order -fileset sources_1
reset_run synth_1
WARNING: [Vivado 12-1017] Problems encountered:
1. Failed to delete one or more files in run directory C:/Users/YaKerTaker/Google Drive/8vo/Arquitectura-Computadoras/Practica11/Pila_MemPrograma/Pila_MemPrograma.runs/synth_1

launch_runs synth_1 -jobs 2
[Sat May 16 17:26:29 2020] Launched synth_1...
Run output will be captured here: C:/Users/YaKerTaker/Google Drive/8vo/Arquitectura-Computadoras/Practica11/Pila_MemPrograma/Pila_MemPrograma.runs/synth_1/runme.log
close_sim
INFO: [Simtcl 6-16] Simulation closed
launch_simulation
INFO: [Vivado 12-5682] Launching behavioral simulation in 'C:/Users/YaKerTaker/Google Drive/8vo/Arquitectura-Computadoras/Practica11/Pila_MemPrograma/Pila_MemPrograma.sim/sim_1/behav/xsim'
INFO: [SIM-utils-51] Simulation object is 'sim_1'
INFO: [SIM-utils-54] Inspecting design source files for 'test_bench' in fileset 'sim_1'...
INFO: [USF-XSim-97] Finding global include files...
INFO: [USF-XSim-98] Fetching design files from 'sim_1'...
INFO: [USF-XSim-2] XSim::Compile design
INFO: [USF-XSim-61] Executing 'COMPILE and ANALYZE' step in 'C:/Users/YaKerTaker/Google Drive/8vo/Arquitectura-Computadoras/Practica11/Pila_MemPrograma/Pila_MemPrograma.sim/sim_1/behav/xsim'
"xvhdl --incr --relax -prj test_bench_vhdl.prj"
INFO: [VRFC 10-163] Analyzing VHDL file "C:/Users/YaKerTaker/Google Drive/8vo/Arquitectura-Computadoras/Practica11/Pila_MemPrograma/Pila_MemPrograma.srcs/sources_1/new/MemPrograma2.vhd" into library xil_defaultlib
INFO: [VRFC 10-3107] analyzing entity 'MemoriaPrograma2'
INFO: [VRFC 10-163] Analyzing VHDL file "C:/Users/YaKerTaker/Google Drive/8vo/Arquitectura-Computadoras/Practica11/Pila_MemPrograma/Pila_MemPrograma.srcs/sources_1/new/Pila_MemPrograma.vhd" into library xil_defaultlib
INFO: [VRFC 10-3107] analyzing entity 'Pila_MemPrograma'
INFO: [VRFC 10-163] Analyzing VHDL file "C:/Users/YaKerTaker/Google Drive/8vo/Arquitectura-Computadoras/Practica11/Pila_MemPrograma/Pila_MemPrograma.srcs/sim_1/new/test_bench.vhd" into library xil_defaultlib
INFO: [VRFC 10-3107] analyzing entity 'test_bench'
INFO: [USF-XSim-69] 'compile' step finished in '2' seconds
INFO: [USF-XSim-3] XSim::Elaborate design
INFO: [USF-XSim-61] Executing 'ELABORATE' step in 'C:/Users/YaKerTaker/Google Drive/8vo/Arquitectura-Computadoras/Practica11/Pila_MemPrograma/Pila_MemPrograma.sim/sim_1/behav/xsim'
"xelab -wto 1da427fe7c974f0f9bd9566da40ab0a5 --incr --debug typical --relax --mt 2 -L xil_defaultlib -L secureip --snapshot test_bench_behav xil_defaultlib.test_bench -log elaborate.log"
Vivado Simulator 2019.1
Copyright 1986-1999, 2001-2019 Xilinx, Inc. All Rights Reserved.
Running: C:/Xilinx/Vivado/2019.1/bin/unwrapped/win64.o/xelab.exe -wto 1da427fe7c974f0f9bd9566da40ab0a5 --incr --debug typical --relax --mt 2 -L xil_defaultlib -L secureip --snapshot test_bench_behav xil_defaultlib.test_bench -log elaborate.log 
Using 2 slave threads.
Starting static elaboration
Completed static elaboration
Starting simulation data flow analysis
Completed simulation data flow analysis
Time Resolution for simulation is 1ps
Compiling package std.standard
Compiling package std.textio
Compiling package ieee.std_logic_1164
Compiling package ieee.std_logic_arith
Compiling package ieee.std_logic_unsigned
Compiling package ieee.std_logic_textio
Compiling architecture behavioral of entity xil_defaultlib.Pila2 [pila2_default]
Compiling architecture behavioral of entity xil_defaultlib.MemoriaPrograma2 [memoriaprograma2_default]
Compiling architecture behavioral of entity xil_defaultlib.Pila_MemPrograma [pila_memprograma_default]
Compiling architecture behavioral of entity xil_defaultlib.test_bench
Built simulation snapshot test_bench_behav
INFO: [USF-XSim-69] 'elaborate' step finished in '3' seconds
INFO: [USF-XSim-4] XSim::Simulate design
INFO: [USF-XSim-61] Executing 'SIMULATE' step in 'C:/Users/YaKerTaker/Google Drive/8vo/Arquitectura-Computadoras/Practica11/Pila_MemPrograma/Pila_MemPrograma.sim/sim_1/behav/xsim'
INFO: [USF-XSim-98] *** Running xsim
   with args "test_bench_behav -key {Behavioral:sim_1:Functional:test_bench} -tclbatch {test_bench.tcl} -log {simulate.log}"
INFO: [USF-XSim-8] Loading simulator feature
Vivado Simulator 2019.1
Time resolution is 1 ps
source test_bench.tcl
# set curr_wave [current_wave_config]
# if { [string length $curr_wave] == 0 } {
#   if { [llength [get_objects]] > 0} {
#     add_wave /
#     set_property needs_save false [current_wave_config]
#   } else {
#      send_msg_id Add_Wave-1 WARNING "No top level signals found. Simulator will start without a wave window. If you want to open a wave window go to 'File->New Waveform Configuration' or type 'create_wave_config' in the TCL console."
#   }
# }
# run 1000ns
INFO: [USF-XSim-96] XSim completed. Design snapshot 'test_bench_behav' loaded.
INFO: [USF-XSim-97] XSim simulation ran for 1000ns
launch_simulation: Time (s): cpu = 00:00:03 ; elapsed = 00:00:08 . Memory (MB): peak = 769.895 ; gain = 0.000
close_sim
INFO: [Simtcl 6-16] Simulation closed
launch_simulation
INFO: [Vivado 12-5682] Launching behavioral simulation in 'C:/Users/YaKerTaker/Google Drive/8vo/Arquitectura-Computadoras/Practica11/Pila_MemPrograma/Pila_MemPrograma.sim/sim_1/behav/xsim'
INFO: [SIM-utils-51] Simulation object is 'sim_1'
INFO: [SIM-utils-54] Inspecting design source files for 'test_bench' in fileset 'sim_1'...
INFO: [USF-XSim-97] Finding global include files...
INFO: [USF-XSim-98] Fetching design files from 'sim_1'...
INFO: [USF-XSim-2] XSim::Compile design
INFO: [USF-XSim-61] Executing 'COMPILE and ANALYZE' step in 'C:/Users/YaKerTaker/Google Drive/8vo/Arquitectura-Computadoras/Practica11/Pila_MemPrograma/Pila_MemPrograma.sim/sim_1/behav/xsim'
"xvhdl --incr --relax -prj test_bench_vhdl.prj"
INFO: [VRFC 10-163] Analyzing VHDL file "C:/Users/YaKerTaker/Google Drive/8vo/Arquitectura-Computadoras/Practica11/Pila_MemPrograma/Pila_MemPrograma.srcs/sim_1/new/test_bench.vhd" into library xil_defaultlib
INFO: [VRFC 10-3107] analyzing entity 'test_bench'
INFO: [USF-XSim-69] 'compile' step finished in '2' seconds
INFO: [USF-XSim-3] XSim::Elaborate design
INFO: [USF-XSim-61] Executing 'ELABORATE' step in 'C:/Users/YaKerTaker/Google Drive/8vo/Arquitectura-Computadoras/Practica11/Pila_MemPrograma/Pila_MemPrograma.sim/sim_1/behav/xsim'
"xelab -wto 1da427fe7c974f0f9bd9566da40ab0a5 --incr --debug typical --relax --mt 2 -L xil_defaultlib -L secureip --snapshot test_bench_behav xil_defaultlib.test_bench -log elaborate.log"
Vivado Simulator 2019.1
Copyright 1986-1999, 2001-2019 Xilinx, Inc. All Rights Reserved.
Running: C:/Xilinx/Vivado/2019.1/bin/unwrapped/win64.o/xelab.exe -wto 1da427fe7c974f0f9bd9566da40ab0a5 --incr --debug typical --relax --mt 2 -L xil_defaultlib -L secureip --snapshot test_bench_behav xil_defaultlib.test_bench -log elaborate.log 
Using 2 slave threads.
Starting static elaboration
Completed static elaboration
Starting simulation data flow analysis
Completed simulation data flow analysis
Time Resolution for simulation is 1ps
Compiling package std.standard
Compiling package std.textio
Compiling package ieee.std_logic_1164
Compiling package ieee.std_logic_arith
Compiling package ieee.std_logic_unsigned
Compiling package ieee.std_logic_textio
Compiling architecture behavioral of entity xil_defaultlib.Pila2 [pila2_default]
Compiling architecture behavioral of entity xil_defaultlib.MemoriaPrograma2 [memoriaprograma2_default]
Compiling architecture behavioral of entity xil_defaultlib.Pila_MemPrograma [pila_memprograma_default]
Compiling architecture behavioral of entity xil_defaultlib.test_bench
Built simulation snapshot test_bench_behav
INFO: [USF-XSim-69] 'elaborate' step finished in '2' seconds
INFO: [USF-XSim-4] XSim::Simulate design
INFO: [USF-XSim-61] Executing 'SIMULATE' step in 'C:/Users/YaKerTaker/Google Drive/8vo/Arquitectura-Computadoras/Practica11/Pila_MemPrograma/Pila_MemPrograma.sim/sim_1/behav/xsim'
INFO: [USF-XSim-98] *** Running xsim
   with args "test_bench_behav -key {Behavioral:sim_1:Functional:test_bench} -tclbatch {test_bench.tcl} -log {simulate.log}"
INFO: [USF-XSim-8] Loading simulator feature
Vivado Simulator 2019.1
Time resolution is 1 ps
source test_bench.tcl
# set curr_wave [current_wave_config]
# if { [string length $curr_wave] == 0 } {
#   if { [llength [get_objects]] > 0} {
#     add_wave /
#     set_property needs_save false [current_wave_config]
#   } else {
#      send_msg_id Add_Wave-1 WARNING "No top level signals found. Simulator will start without a wave window. If you want to open a wave window go to 'File->New Waveform Configuration' or type 'create_wave_config' in the TCL console."
#   }
# }
# run 1000ns
INFO: [USF-XSim-96] XSim completed. Design snapshot 'test_bench_behav' loaded.
INFO: [USF-XSim-97] XSim simulation ran for 1000ns
launch_simulation: Time (s): cpu = 00:00:02 ; elapsed = 00:00:07 . Memory (MB): peak = 769.895 ; gain = 0.000
reset_run synth_1
WARNING: [Vivado 12-1017] Problems encountered:
1. Failed to delete one or more files in run directory C:/Users/YaKerTaker/Google Drive/8vo/Arquitectura-Computadoras/Practica11/Pila_MemPrograma/Pila_MemPrograma.runs/synth_1

launch_runs synth_1 -jobs 2
[Sat May 16 17:31:04 2020] Launched synth_1...
Run output will be captured here: C:/Users/YaKerTaker/Google Drive/8vo/Arquitectura-Computadoras/Practica11/Pila_MemPrograma/Pila_MemPrograma.runs/synth_1/runme.log
close_sim
INFO: [Simtcl 6-16] Simulation closed
launch_simulation
INFO: [Vivado 12-5682] Launching behavioral simulation in 'C:/Users/YaKerTaker/Google Drive/8vo/Arquitectura-Computadoras/Practica11/Pila_MemPrograma/Pila_MemPrograma.sim/sim_1/behav/xsim'
INFO: [SIM-utils-51] Simulation object is 'sim_1'
INFO: [SIM-utils-54] Inspecting design source files for 'test_bench' in fileset 'sim_1'...
INFO: [USF-XSim-97] Finding global include files...
INFO: [USF-XSim-98] Fetching design files from 'sim_1'...
INFO: [USF-XSim-2] XSim::Compile design
INFO: [USF-XSim-61] Executing 'COMPILE and ANALYZE' step in 'C:/Users/YaKerTaker/Google Drive/8vo/Arquitectura-Computadoras/Practica11/Pila_MemPrograma/Pila_MemPrograma.sim/sim_1/behav/xsim'
"xvhdl --incr --relax -prj test_bench_vhdl.prj"
INFO: [VRFC 10-163] Analyzing VHDL file "C:/Users/YaKerTaker/Google Drive/8vo/Arquitectura-Computadoras/Practica11/Pila_MemPrograma/Pila_MemPrograma.srcs/sources_1/new/Pila_MemPrograma.vhd" into library xil_defaultlib
INFO: [VRFC 10-3107] analyzing entity 'Pila_MemPrograma'
INFO: [VRFC 10-163] Analyzing VHDL file "C:/Users/YaKerTaker/Google Drive/8vo/Arquitectura-Computadoras/Practica11/Pila_MemPrograma/Pila_MemPrograma.srcs/sim_1/new/test_bench.vhd" into library xil_defaultlib
INFO: [VRFC 10-3107] analyzing entity 'test_bench'
INFO: [USF-XSim-69] 'compile' step finished in '2' seconds
INFO: [USF-XSim-3] XSim::Elaborate design
INFO: [USF-XSim-61] Executing 'ELABORATE' step in 'C:/Users/YaKerTaker/Google Drive/8vo/Arquitectura-Computadoras/Practica11/Pila_MemPrograma/Pila_MemPrograma.sim/sim_1/behav/xsim'
"xelab -wto 1da427fe7c974f0f9bd9566da40ab0a5 --incr --debug typical --relax --mt 2 -L xil_defaultlib -L secureip --snapshot test_bench_behav xil_defaultlib.test_bench -log elaborate.log"
Vivado Simulator 2019.1
Copyright 1986-1999, 2001-2019 Xilinx, Inc. All Rights Reserved.
Running: C:/Xilinx/Vivado/2019.1/bin/unwrapped/win64.o/xelab.exe -wto 1da427fe7c974f0f9bd9566da40ab0a5 --incr --debug typical --relax --mt 2 -L xil_defaultlib -L secureip --snapshot test_bench_behav xil_defaultlib.test_bench -log elaborate.log 
Using 2 slave threads.
Starting static elaboration
Completed static elaboration
Starting simulation data flow analysis
Completed simulation data flow analysis
Time Resolution for simulation is 1ps
Compiling package std.standard
Compiling package std.textio
Compiling package ieee.std_logic_1164
Compiling package ieee.std_logic_arith
Compiling package ieee.std_logic_unsigned
Compiling package ieee.std_logic_textio
Compiling architecture behavioral of entity xil_defaultlib.Pila2 [pila2_default]
Compiling architecture behavioral of entity xil_defaultlib.MemoriaPrograma2 [memoriaprograma2_default]
Compiling architecture behavioral of entity xil_defaultlib.Pila_MemPrograma [pila_memprograma_default]
Compiling architecture behavioral of entity xil_defaultlib.test_bench
Built simulation snapshot test_bench_behav
INFO: [USF-XSim-69] 'elaborate' step finished in '4' seconds
INFO: [USF-XSim-4] XSim::Simulate design
INFO: [USF-XSim-61] Executing 'SIMULATE' step in 'C:/Users/YaKerTaker/Google Drive/8vo/Arquitectura-Computadoras/Practica11/Pila_MemPrograma/Pila_MemPrograma.sim/sim_1/behav/xsim'
INFO: [USF-XSim-98] *** Running xsim
   with args "test_bench_behav -key {Behavioral:sim_1:Functional:test_bench} -tclbatch {test_bench.tcl} -log {simulate.log}"
INFO: [USF-XSim-8] Loading simulator feature
Vivado Simulator 2019.1
Time resolution is 1 ps
source test_bench.tcl
# set curr_wave [current_wave_config]
# if { [string length $curr_wave] == 0 } {
#   if { [llength [get_objects]] > 0} {
#     add_wave /
#     set_property needs_save false [current_wave_config]
#   } else {
#      send_msg_id Add_Wave-1 WARNING "No top level signals found. Simulator will start without a wave window. If you want to open a wave window go to 'File->New Waveform Configuration' or type 'create_wave_config' in the TCL console."
#   }
# }
# run 1000ns
INFO: [USF-XSim-96] XSim completed. Design snapshot 'test_bench_behav' loaded.
INFO: [USF-XSim-97] XSim simulation ran for 1000ns
launch_simulation: Time (s): cpu = 00:00:02 ; elapsed = 00:00:08 . Memory (MB): peak = 769.895 ; gain = 0.000
close_sim
INFO: [Simtcl 6-16] Simulation closed
launch_simulation
INFO: [Vivado 12-5682] Launching behavioral simulation in 'C:/Users/YaKerTaker/Google Drive/8vo/Arquitectura-Computadoras/Practica11/Pila_MemPrograma/Pila_MemPrograma.sim/sim_1/behav/xsim'
INFO: [SIM-utils-51] Simulation object is 'sim_1'
INFO: [SIM-utils-54] Inspecting design source files for 'test_bench' in fileset 'sim_1'...
INFO: [USF-XSim-97] Finding global include files...
INFO: [USF-XSim-98] Fetching design files from 'sim_1'...
INFO: [USF-XSim-2] XSim::Compile design
INFO: [USF-XSim-61] Executing 'COMPILE and ANALYZE' step in 'C:/Users/YaKerTaker/Google Drive/8vo/Arquitectura-Computadoras/Practica11/Pila_MemPrograma/Pila_MemPrograma.sim/sim_1/behav/xsim'
"xvhdl --incr --relax -prj test_bench_vhdl.prj"
INFO: [USF-XSim-69] 'compile' step finished in '1' seconds
INFO: [USF-XSim-3] XSim::Elaborate design
INFO: [USF-XSim-61] Executing 'ELABORATE' step in 'C:/Users/YaKerTaker/Google Drive/8vo/Arquitectura-Computadoras/Practica11/Pila_MemPrograma/Pila_MemPrograma.sim/sim_1/behav/xsim'
"xelab -wto 1da427fe7c974f0f9bd9566da40ab0a5 --incr --debug typical --relax --mt 2 -L xil_defaultlib -L secureip --snapshot test_bench_behav xil_defaultlib.test_bench -log elaborate.log"
Vivado Simulator 2019.1
Copyright 1986-1999, 2001-2019 Xilinx, Inc. All Rights Reserved.
Running: C:/Xilinx/Vivado/2019.1/bin/unwrapped/win64.o/xelab.exe -wto 1da427fe7c974f0f9bd9566da40ab0a5 --incr --debug typical --relax --mt 2 -L xil_defaultlib -L secureip --snapshot test_bench_behav xil_defaultlib.test_bench -log elaborate.log 
Using 2 slave threads.
Starting static elaboration
Completed static elaboration
INFO: [XSIM 43-4323] No Change in HDL. Linking previously generated obj files to create kernel
INFO: [USF-XSim-69] 'elaborate' step finished in '2' seconds
INFO: [USF-XSim-4] XSim::Simulate design
INFO: [USF-XSim-61] Executing 'SIMULATE' step in 'C:/Users/YaKerTaker/Google Drive/8vo/Arquitectura-Computadoras/Practica11/Pila_MemPrograma/Pila_MemPrograma.sim/sim_1/behav/xsim'
INFO: [USF-XSim-98] *** Running xsim
   with args "test_bench_behav -key {Behavioral:sim_1:Functional:test_bench} -tclbatch {test_bench.tcl} -log {simulate.log}"
INFO: [USF-XSim-8] Loading simulator feature
Vivado Simulator 2019.1
Time resolution is 1 ps
source test_bench.tcl
# set curr_wave [current_wave_config]
# if { [string length $curr_wave] == 0 } {
#   if { [llength [get_objects]] > 0} {
#     add_wave /
#     set_property needs_save false [current_wave_config]
#   } else {
#      send_msg_id Add_Wave-1 WARNING "No top level signals found. Simulator will start without a wave window. If you want to open a wave window go to 'File->New Waveform Configuration' or type 'create_wave_config' in the TCL console."
#   }
# }
# run 1000ns
INFO: [USF-XSim-96] XSim completed. Design snapshot 'test_bench_behav' loaded.
INFO: [USF-XSim-97] XSim simulation ran for 1000ns
launch_simulation: Time (s): cpu = 00:00:02 ; elapsed = 00:00:06 . Memory (MB): peak = 769.895 ; gain = 0.000
update_compile_order -fileset sources_1
update_compile_order -fileset sources_1
update_compile_order -fileset sources_1
reset_run synth_1
WARNING: [Vivado 12-1017] Problems encountered:
1. Failed to delete one or more files in run directory C:/Users/YaKerTaker/Google Drive/8vo/Arquitectura-Computadoras/Practica11/Pila_MemPrograma/Pila_MemPrograma.runs/synth_1

launch_runs synth_1 -jobs 2
[Sat May 16 18:07:09 2020] Launched synth_1...
Run output will be captured here: C:/Users/YaKerTaker/Google Drive/8vo/Arquitectura-Computadoras/Practica11/Pila_MemPrograma/Pila_MemPrograma.runs/synth_1/runme.log
close_sim
INFO: [Simtcl 6-16] Simulation closed
launch_simulation
INFO: [Vivado 12-5682] Launching behavioral simulation in 'C:/Users/YaKerTaker/Google Drive/8vo/Arquitectura-Computadoras/Practica11/Pila_MemPrograma/Pila_MemPrograma.sim/sim_1/behav/xsim'
INFO: [SIM-utils-51] Simulation object is 'sim_1'
INFO: [SIM-utils-54] Inspecting design source files for 'test_bench' in fileset 'sim_1'...
INFO: [USF-XSim-97] Finding global include files...
INFO: [USF-XSim-98] Fetching design files from 'sim_1'...
INFO: [USF-XSim-2] XSim::Compile design
INFO: [USF-XSim-61] Executing 'COMPILE and ANALYZE' step in 'C:/Users/YaKerTaker/Google Drive/8vo/Arquitectura-Computadoras/Practica11/Pila_MemPrograma/Pila_MemPrograma.sim/sim_1/behav/xsim'
"xvhdl --incr --relax -prj test_bench_vhdl.prj"
INFO: [VRFC 10-163] Analyzing VHDL file "C:/Users/YaKerTaker/Google Drive/8vo/Arquitectura-Computadoras/Practica11/Pila_MemPrograma/Pila_MemPrograma.srcs/sources_1/new/MemPrograma2.vhd" into library xil_defaultlib
INFO: [VRFC 10-3107] analyzing entity 'MemoriaPrograma'
INFO: [VRFC 10-163] Analyzing VHDL file "C:/Users/YaKerTaker/Google Drive/8vo/Arquitectura-Computadoras/Practica11/Pila_MemPrograma/Pila_MemPrograma.srcs/sources_1/new/Pila2.vhd" into library xil_defaultlib
INFO: [VRFC 10-3107] analyzing entity 'Pila'
INFO: [VRFC 10-163] Analyzing VHDL file "C:/Users/YaKerTaker/Google Drive/8vo/Arquitectura-Computadoras/Practica11/Pila_MemPrograma/Pila_MemPrograma.srcs/sources_1/new/Pila_MemPrograma.vhd" into library xil_defaultlib
INFO: [VRFC 10-3107] analyzing entity 'Pila_MemPrograma'
run_program: Time (s): cpu = 00:00:00 ; elapsed = 00:00:06 . Memory (MB): peak = 769.895 ; gain = 0.000
INFO: [USF-XSim-69] 'compile' step finished in '7' seconds
INFO: [USF-XSim-3] XSim::Elaborate design
INFO: [USF-XSim-61] Executing 'ELABORATE' step in 'C:/Users/YaKerTaker/Google Drive/8vo/Arquitectura-Computadoras/Practica11/Pila_MemPrograma/Pila_MemPrograma.sim/sim_1/behav/xsim'
"xelab -wto 1da427fe7c974f0f9bd9566da40ab0a5 --incr --debug typical --relax --mt 2 -L xil_defaultlib -L secureip --snapshot test_bench_behav xil_defaultlib.test_bench -log elaborate.log"
Vivado Simulator 2019.1
Copyright 1986-1999, 2001-2019 Xilinx, Inc. All Rights Reserved.
Running: C:/Xilinx/Vivado/2019.1/bin/unwrapped/win64.o/xelab.exe -wto 1da427fe7c974f0f9bd9566da40ab0a5 --incr --debug typical --relax --mt 2 -L xil_defaultlib -L secureip --snapshot test_bench_behav xil_defaultlib.test_bench -log elaborate.log 
Using 2 slave threads.
Starting static elaboration
Completed static elaboration
Starting simulation data flow analysis
Completed simulation data flow analysis
Time Resolution for simulation is 1ps
Compiling package std.standard
Compiling package std.textio
Compiling package ieee.std_logic_1164
Compiling package ieee.std_logic_arith
Compiling package ieee.std_logic_unsigned
Compiling package ieee.std_logic_textio
Compiling architecture behavioral of entity xil_defaultlib.Pila [pila_default]
Compiling architecture behavioral of entity xil_defaultlib.MemoriaPrograma [memoriaprograma_default]
Compiling architecture behavioral of entity xil_defaultlib.Pila_MemPrograma [pila_memprograma_default]
Compiling architecture behavioral of entity xil_defaultlib.test_bench
Built simulation snapshot test_bench_behav
run_program: Time (s): cpu = 00:00:00 ; elapsed = 00:00:19 . Memory (MB): peak = 769.895 ; gain = 0.000
INFO: [USF-XSim-69] 'elaborate' step finished in '19' seconds
INFO: [USF-XSim-4] XSim::Simulate design
INFO: [USF-XSim-61] Executing 'SIMULATE' step in 'C:/Users/YaKerTaker/Google Drive/8vo/Arquitectura-Computadoras/Practica11/Pila_MemPrograma/Pila_MemPrograma.sim/sim_1/behav/xsim'
INFO: [USF-XSim-98] *** Running xsim
   with args "test_bench_behav -key {Behavioral:sim_1:Functional:test_bench} -tclbatch {test_bench.tcl} -log {simulate.log}"
INFO: [USF-XSim-8] Loading simulator feature
Vivado Simulator 2019.1
Time resolution is 1 ps
source test_bench.tcl
# set curr_wave [current_wave_config]
# if { [string length $curr_wave] == 0 } {
#   if { [llength [get_objects]] > 0} {
#     add_wave /
#     set_property needs_save false [current_wave_config]
#   } else {
#      send_msg_id Add_Wave-1 WARNING "No top level signals found. Simulator will start without a wave window. If you want to open a wave window go to 'File->New Waveform Configuration' or type 'create_wave_config' in the TCL console."
#   }
# }
# run 1000ns
INFO: [USF-XSim-96] XSim completed. Design snapshot 'test_bench_behav' loaded.
INFO: [USF-XSim-97] XSim simulation ran for 1000ns
launch_simulation: Time (s): cpu = 00:00:03 ; elapsed = 00:00:31 . Memory (MB): peak = 769.895 ; gain = 0.000
save_wave_config {C:/Users/YaKerTaker/Google Drive/8vo/Arquitectura-Computadoras/Practica11/Pila_MemPrograma/test_bench_behav.wcfg}
close_sim
INFO: [Simtcl 6-16] Simulation closed
close_project
open_project {C:/Users/YaKerTaker/Google Drive/8vo/Arquitectura-Computadoras/Practica10/Pila/Pila.xpr}
Scanning sources...
Finished scanning sources
INFO: [IP_Flow 19-234] Refreshing IP repositories
INFO: [IP_Flow 19-1704] No user IP repositories specified
INFO: [IP_Flow 19-2313] Loaded Vivado IP repository 'C:/Xilinx/Vivado/2019.1/data/ip'.
open_project: Time (s): cpu = 00:00:03 ; elapsed = 00:00:24 . Memory (MB): peak = 780.109 ; gain = 10.215
update_compile_order -fileset sources_1
launch_simulation
INFO: [Vivado 12-5682] Launching behavioral simulation in 'C:/Users/YaKerTaker/Google Drive/8vo/Arquitectura-Computadoras/Practica10/Pila/Pila.sim/sim_1/behav/xsim'
INFO: [SIM-utils-51] Simulation object is 'sim_1'
INFO: [SIM-utils-54] Inspecting design source files for 'test_bench' in fileset 'sim_1'...
INFO: [USF-XSim-97] Finding global include files...
INFO: [USF-XSim-98] Fetching design files from 'sim_1'...
INFO: [USF-XSim-2] XSim::Compile design
INFO: [USF-XSim-61] Executing 'COMPILE and ANALYZE' step in 'C:/Users/YaKerTaker/Google Drive/8vo/Arquitectura-Computadoras/Practica10/Pila/Pila.sim/sim_1/behav/xsim'
"xvhdl --incr --relax -prj test_bench_vhdl.prj"
INFO: [USF-XSim-69] 'compile' step finished in '1' seconds
INFO: [USF-XSim-3] XSim::Elaborate design
INFO: [USF-XSim-61] Executing 'ELABORATE' step in 'C:/Users/YaKerTaker/Google Drive/8vo/Arquitectura-Computadoras/Practica10/Pila/Pila.sim/sim_1/behav/xsim'
"xelab -wto 837437d138aa4004936e74f9f8555baa --incr --debug typical --relax --mt 2 -L xil_defaultlib -L secureip --snapshot test_bench_behav xil_defaultlib.test_bench -log elaborate.log"
Vivado Simulator 2019.1
Copyright 1986-1999, 2001-2019 Xilinx, Inc. All Rights Reserved.
Running: C:/Xilinx/Vivado/2019.1/bin/unwrapped/win64.o/xelab.exe -wto 837437d138aa4004936e74f9f8555baa --incr --debug typical --relax --mt 2 -L xil_defaultlib -L secureip --snapshot test_bench_behav xil_defaultlib.test_bench -log elaborate.log 
Using 2 slave threads.
Starting static elaboration
Completed static elaboration
INFO: [XSIM 43-4323] No Change in HDL. Linking previously generated obj files to create kernel
INFO: [USF-XSim-69] 'elaborate' step finished in '2' seconds
INFO: [USF-XSim-4] XSim::Simulate design
INFO: [USF-XSim-61] Executing 'SIMULATE' step in 'C:/Users/YaKerTaker/Google Drive/8vo/Arquitectura-Computadoras/Practica10/Pila/Pila.sim/sim_1/behav/xsim'
INFO: [USF-XSim-98] *** Running xsim
   with args "test_bench_behav -key {Behavioral:sim_1:Functional:test_bench} -tclbatch {test_bench.tcl} -view {{C:/Users/YaKerTaker/Google Drive/8vo/Arquitectura-Computadoras/Practica10/Pila/test_bench_behav.wcfg}} -log {simulate.log}"
INFO: [USF-XSim-8] Loading simulator feature
Vivado Simulator 2019.1
Time resolution is 1 ps
open_wave_config {C:/Users/YaKerTaker/Google Drive/8vo/Arquitectura-Computadoras/Practica10/Pila/test_bench_behav.wcfg}
source test_bench.tcl
# set curr_wave [current_wave_config]
# if { [string length $curr_wave] == 0 } {
#   if { [llength [get_objects]] > 0} {
#     add_wave /
#     set_property needs_save false [current_wave_config]
#   } else {
#      send_msg_id Add_Wave-1 WARNING "No top level signals found. Simulator will start without a wave window. If you want to open a wave window go to 'File->New Waveform Configuration' or type 'create_wave_config' in the TCL console."
#   }
# }
# run 1000ns
Error: File C:\Users\YaKerTaker\Google Drive\8vo\Arquitectura-Computadoras\Practica10\Pila\Pila.srcs\sim_1\new\Estimulos.txt is already at the end of file, nothing to read
Time: 235 ns  Iteration: 1  Process: /test_bench/line__42  File: C:/Users/YaKerTaker/Google Drive/8vo/Arquitectura-Computadoras/Practica10/Pila/Pila.srcs/sim_1/new/test_bench.vhd
Error: STD_LOGIC_1164.HREAD End of string encountered
Time: 235 ns  Iteration: 1  Process: /test_bench/line__42  File: C:/Users/YaKerTaker/Google Drive/8vo/Arquitectura-Computadoras/Practica10/Pila/Pila.srcs/sim_1/new/test_bench.vhd
Error: STD_LOGIC_1164.READ(STD_ULOGIC) End of string encountered
Time: 235 ns  Iteration: 1  Process: /test_bench/line__42  File: C:/Users/YaKerTaker/Google Drive/8vo/Arquitectura-Computadoras/Practica10/Pila/Pila.srcs/sim_1/new/test_bench.vhd
Error: STD_LOGIC_1164.READ(STD_ULOGIC) End of string encountered
Time: 235 ns  Iteration: 1  Process: /test_bench/line__42  File: C:/Users/YaKerTaker/Google Drive/8vo/Arquitectura-Computadoras/Practica10/Pila/Pila.srcs/sim_1/new/test_bench.vhd
Error: STD_LOGIC_1164.READ(STD_ULOGIC) End of string encountered
Time: 235 ns  Iteration: 1  Process: /test_bench/line__42  File: C:/Users/YaKerTaker/Google Drive/8vo/Arquitectura-Computadoras/Practica10/Pila/Pila.srcs/sim_1/new/test_bench.vhd
Error: STD_LOGIC_1164.READ(STD_ULOGIC) End of string encountered
Time: 235 ns  Iteration: 1  Process: /test_bench/line__42  File: C:/Users/YaKerTaker/Google Drive/8vo/Arquitectura-Computadoras/Practica10/Pila/Pila.srcs/sim_1/new/test_bench.vhd
INFO: [USF-XSim-96] XSim completed. Design snapshot 'test_bench_behav' loaded.
INFO: [USF-XSim-97] XSim simulation ran for 1000ns
launch_simulation: Time (s): cpu = 00:00:02 ; elapsed = 00:00:06 . Memory (MB): peak = 780.109 ; gain = 0.000
reset_run synth_1
WARNING: [Vivado 12-1017] Problems encountered:
1. Failed to delete one or more files in run directory C:/Users/YaKerTaker/Google Drive/8vo/Arquitectura-Computadoras/Practica10/Pila/Pila.runs/synth_1

launch_runs synth_1 -jobs 2
[Sat May 16 18:33:18 2020] Launched synth_1...
Run output will be captured here: C:/Users/YaKerTaker/Google Drive/8vo/Arquitectura-Computadoras/Practica10/Pila/Pila.runs/synth_1/runme.log
synth_design -rtl -name rtl_1
Command: synth_design -rtl -name rtl_1
Starting synth_design
Using part: xc7a100tcsg324-1
Top: Pila
INFO: [Device 21-403] Loading part xc7a100tcsg324-1
---------------------------------------------------------------------------------
Starting RTL Elaboration : Time (s): cpu = 00:00:03 ; elapsed = 00:00:04 . Memory (MB): peak = 1230.984 ; gain = 178.297
---------------------------------------------------------------------------------
INFO: [Synth 8-638] synthesizing module 'Pila' [C:/Users/YaKerTaker/Google Drive/8vo/Arquitectura-Computadoras/Practica10/Pila/Pila.srcs/sources_1/new/Pila.vhd:15]
	Parameter m bound to: 16 - type: integer 
	Parameter n bound to: 3 - type: integer 
INFO: [Synth 8-256] done synthesizing module 'Pila' (1#1) [C:/Users/YaKerTaker/Google Drive/8vo/Arquitectura-Computadoras/Practica10/Pila/Pila.srcs/sources_1/new/Pila.vhd:15]
---------------------------------------------------------------------------------
Finished RTL Elaboration : Time (s): cpu = 00:00:04 ; elapsed = 00:00:05 . Memory (MB): peak = 1270.113 ; gain = 217.426
---------------------------------------------------------------------------------

Report Check Netlist: 
+------+------------------+-------+---------+-------+------------------+
|      |Item              |Errors |Warnings |Status |Description       |
+------+------------------+-------+---------+-------+------------------+
|1     |multi_driven_nets |      0|        0|Passed |Multi driven nets |
+------+------------------+-------+---------+-------+------------------+
---------------------------------------------------------------------------------
Start Handling Custom Attributes
---------------------------------------------------------------------------------
---------------------------------------------------------------------------------
Finished Handling Custom Attributes : Time (s): cpu = 00:00:04 ; elapsed = 00:00:05 . Memory (MB): peak = 1270.113 ; gain = 217.426
---------------------------------------------------------------------------------
---------------------------------------------------------------------------------
Finished RTL Optimization Phase 1 : Time (s): cpu = 00:00:04 ; elapsed = 00:00:05 . Memory (MB): peak = 1270.113 ; gain = 217.426
---------------------------------------------------------------------------------
INFO: [Project 1-570] Preparing netlist for logic optimization

Processing XDC Constraints
Initializing timing engine
Completed Processing XDC Constraints

INFO: [Opt 31-138] Pushed 0 inverter(s) to 0 load pin(s).
Netlist sorting complete. Time (s): cpu = 00:00:00 ; elapsed = 00:00:00 . Memory (MB): peak = 1398.926 ; gain = 0.000
INFO: [Project 1-111] Unisim Transformation Summary:
No Unisim elements were transformed.

RTL Elaboration Complete:  : Time (s): cpu = 00:00:12 ; elapsed = 00:00:13 . Memory (MB): peak = 1402.949 ; gain = 350.262
6 Infos, 0 Warnings, 0 Critical Warnings and 0 Errors encountered.
synth_design completed successfully
synth_design: Time (s): cpu = 00:00:18 ; elapsed = 00:00:20 . Memory (MB): peak = 1402.949 ; gain = 598.910
write_schematic -format pdf -orientation portrait C:/Users/YaKerTaker/Desktop/schematic.pdf
C:/Users/YaKerTaker/Desktop/schematic.pdf
close_design
open_run synth_1 -name synth_1
Design is defaulting to impl run constrset: constrs_1
Design is defaulting to synth run part: xc7a100tcsg324-1
INFO: [Netlist 29-17] Analyzing 8 Unisim elements for replacement
INFO: [Netlist 29-28] Unisim Transformation completed in 0 CPU seconds
INFO: [Project 1-479] Netlist was created with Vivado 2019.1
INFO: [Project 1-570] Preparing netlist for logic optimization
INFO: [Opt 31-138] Pushed 0 inverter(s) to 0 load pin(s).
Netlist sorting complete. Time (s): cpu = 00:00:00 ; elapsed = 00:00:00 . Memory (MB): peak = 1403.406 ; gain = 0.000
INFO: [Project 1-111] Unisim Transformation Summary:
No Unisim elements were transformed.

write_schematic -format pdf -orientation portrait C:/Users/YaKerTaker/Desktop/syn.pdf
C:/Users/YaKerTaker/Desktop/syn.pdf
synth_design -rtl -name rtl_1
Command: synth_design -rtl -name rtl_1
Starting synth_design
Using part: xc7a100tcsg324-1
Top: Pila
---------------------------------------------------------------------------------
Starting RTL Elaboration : Time (s): cpu = 00:00:03 ; elapsed = 00:00:04 . Memory (MB): peak = 2080.898 ; gain = 55.418
---------------------------------------------------------------------------------
INFO: [Synth 8-638] synthesizing module 'Pila' [C:/Users/YaKerTaker/Google Drive/8vo/Arquitectura-Computadoras/Practica10/Pila/Pila.srcs/sources_1/new/Pila.vhd:15]
	Parameter m bound to: 16 - type: integer 
	Parameter n bound to: 3 - type: integer 
INFO: [Synth 8-256] done synthesizing module 'Pila' (1#1) [C:/Users/YaKerTaker/Google Drive/8vo/Arquitectura-Computadoras/Practica10/Pila/Pila.srcs/sources_1/new/Pila.vhd:15]
---------------------------------------------------------------------------------
Finished RTL Elaboration : Time (s): cpu = 00:00:04 ; elapsed = 00:00:05 . Memory (MB): peak = 2116.559 ; gain = 91.078
---------------------------------------------------------------------------------

Report Check Netlist: 
+------+------------------+-------+---------+-------+------------------+
|      |Item              |Errors |Warnings |Status |Description       |
+------+------------------+-------+---------+-------+------------------+
|1     |multi_driven_nets |      0|        0|Passed |Multi driven nets |
+------+------------------+-------+---------+-------+------------------+
---------------------------------------------------------------------------------
Start Handling Custom Attributes
---------------------------------------------------------------------------------
---------------------------------------------------------------------------------
Finished Handling Custom Attributes : Time (s): cpu = 00:00:04 ; elapsed = 00:00:05 . Memory (MB): peak = 2140.324 ; gain = 114.844
---------------------------------------------------------------------------------
---------------------------------------------------------------------------------
Finished RTL Optimization Phase 1 : Time (s): cpu = 00:00:04 ; elapsed = 00:00:05 . Memory (MB): peak = 2140.324 ; gain = 114.844
---------------------------------------------------------------------------------
INFO: [Project 1-570] Preparing netlist for logic optimization

Processing XDC Constraints
Initializing timing engine
Completed Processing XDC Constraints

INFO: [Opt 31-138] Pushed 0 inverter(s) to 0 load pin(s).
Netlist sorting complete. Time (s): cpu = 00:00:00 ; elapsed = 00:00:00 . Memory (MB): peak = 2264.672 ; gain = 0.000
INFO: [Project 1-111] Unisim Transformation Summary:
No Unisim elements were transformed.

RTL Elaboration Complete:  : Time (s): cpu = 00:00:09 ; elapsed = 00:00:08 . Memory (MB): peak = 2264.672 ; gain = 239.191
5 Infos, 0 Warnings, 0 Critical Warnings and 0 Errors encountered.
synth_design completed successfully
synth_design: Time (s): cpu = 00:00:09 ; elapsed = 00:00:08 . Memory (MB): peak = 2264.672 ; gain = 239.191
close_sim
INFO: [Simtcl 6-16] Simulation closed
exit
INFO: [Common 17-206] Exiting Vivado at Sat May 16 19:11:35 2020...
