Vivado Simulator 2019.1
Copyright 1986-1999, 2001-2019 Xilinx, Inc. All Rights Reserved.
Running: C:/Xilinx/Vivado/2019.1/bin/unwrapped/win64.o/xelab.exe -wto 5d12f96c19c84964bfe72dedb2c0a2e8 --incr --debug typical --relax --mt 2 -L xil_defaultlib -L secureip --snapshot test_bench_func_synth xil_defaultlib.test_bench -log elaborate.log 
Using 2 slave threads.
Starting static elaboration
Completed static elaboration
Starting simulation data flow analysis
Completed simulation data flow analysis
Time Resolution for simulation is 1ps
Compiling package std.standard
Compiling package std.textio
Compiling package ieee.std_logic_1164
Compiling package ieee.numeric_std
Compiling package unisim.vcomponents
Compiling package ieee.vital_timing
Compiling package ieee.vital_primitives
Compiling package unisim.vpkg
Compiling architecture ibuf_v of entity unisim.IBUF [\IBUF(1,9)(1,1)(1,4)(1,7)\]
Compiling architecture obuf_v of entity unisim.OBUF [\OBUF(1,9)(1,7)(1,4)\]
Compiling architecture lut6_v of entity unisim.LUT6 [\LUT6(init="10000000100010001000...]
Compiling architecture lut6_v of entity unisim.LUT6 [\LUT6(init="00000000000000000000...]
Compiling architecture lut6_v of entity unisim.LUT6 [\LUT6(init="00000010001000000010...]
Compiling architecture lut6_v of entity unisim.LUT6 [\LUT6(init="00000000000000000000...]
Compiling architecture lut6_v of entity unisim.LUT6 [\LUT6(init="00000000000000000110...]
Compiling architecture lut2_v of entity unisim.LUT2 [\LUT2(init="0110")(0,3)\]
Compiling architecture lut2_v of entity unisim.LUT2 [\LUT2(init="0111")(0,3)\]
Compiling architecture lut6_v of entity unisim.LUT6 [\LUT6(init="00000000000010000000...]
Compiling architecture lut6_v of entity unisim.LUT6 [\LUT6(init="11000011001111000110...]
Compiling architecture lut6_v of entity unisim.LUT6 [\LUT6(init="01101001100101101100...]
Compiling architecture lut4_v of entity unisim.LUT4 [\LUT4(init="0110111101100000")(0...]
Compiling architecture lut6_v of entity unisim.LUT6 [\LUT6(init="00100111011100100110...]
Compiling architecture lut5_v of entity unisim.LUT5 [\LUT5(init="01101111111101100000...]
Compiling architecture structure of entity xil_defaultlib.ALUNBits [alunbits_default]
Compiling architecture behavioral of entity xil_defaultlib.test_bench
Built simulation snapshot test_bench_func_synth
