
*** Running vivado
    with args -log ESCOMips.vds -m64 -product Vivado -mode batch -messageDb vivado.pb -notrace -source ESCOMips.tcl


****** Vivado v2019.1 (64-bit)
  **** SW Build 2552052 on Fri May 24 14:49:42 MDT 2019
  **** IP Build 2548770 on Fri May 24 18:01:18 MDT 2019
    ** Copyright 1986-2019 Xilinx, Inc. All Rights Reserved.

source ESCOMips.tcl -notrace
Command: synth_design -top ESCOMips -part xc7a100tcsg324-1
Starting synth_design
Attempting to get a license for feature 'Synthesis' and/or device 'xc7a100t'
INFO: [Common 17-349] Got license for feature 'Synthesis' and/or device 'xc7a100t'
INFO: Launching helper process for spawning children vivado processes
INFO: Helper process launched with PID 6976 
---------------------------------------------------------------------------------
Starting Synthesize : Time (s): cpu = 00:00:03 ; elapsed = 00:00:05 . Memory (MB): peak = 469.773 ; gain = 179.742
---------------------------------------------------------------------------------
INFO: [Synth 8-638] synthesizing module 'ESCOMips' [C:/Users/YaKerTaker/Google Drive/8vo/Arquitectura-Computadoras/Proyecto/Burbuja/Burbuja.srcs/sources_1/new/ESCOMips.vhd:11]
INFO: [Synth 8-3491] module 'Pila' declared at 'C:/Users/YaKerTaker/Google Drive/8vo/Arquitectura-Computadoras/Proyecto/Burbuja/Burbuja.srcs/sources_1/new/Pila.vhd:6' bound to instance 'stack' of component 'Pila' [C:/Users/YaKerTaker/Google Drive/8vo/Arquitectura-Computadoras/Proyecto/Burbuja/Burbuja.srcs/sources_1/new/ESCOMips.vhd:101]
INFO: [Synth 8-638] synthesizing module 'Pila' [C:/Users/YaKerTaker/Google Drive/8vo/Arquitectura-Computadoras/Proyecto/Burbuja/Burbuja.srcs/sources_1/new/Pila.vhd:14]
	Parameter m bound to: 16 - type: integer 
	Parameter n bound to: 3 - type: integer 
INFO: [Synth 8-256] done synthesizing module 'Pila' (1#1) [C:/Users/YaKerTaker/Google Drive/8vo/Arquitectura-Computadoras/Proyecto/Burbuja/Burbuja.srcs/sources_1/new/Pila.vhd:14]
INFO: [Synth 8-3491] module 'MemoriaPrograma2' declared at 'C:/Users/YaKerTaker/Google Drive/8vo/Arquitectura-Computadoras/Proyecto/Burbuja/Burbuja.srcs/sources_1/new/MemoriaPrograma2.vhd:6' bound to instance 'memProg' of component 'MemoriaPrograma2' [C:/Users/YaKerTaker/Google Drive/8vo/Arquitectura-Computadoras/Proyecto/Burbuja/Burbuja.srcs/sources_1/new/ESCOMips.vhd:111]
INFO: [Synth 8-638] synthesizing module 'MemoriaPrograma2' [C:/Users/YaKerTaker/Google Drive/8vo/Arquitectura-Computadoras/Proyecto/Burbuja/Burbuja.srcs/sources_1/new/MemoriaPrograma2.vhd:13]
	Parameter m bound to: 10 - type: integer 
	Parameter n bound to: 25 - type: integer 
INFO: [Synth 8-256] done synthesizing module 'MemoriaPrograma2' (2#1) [C:/Users/YaKerTaker/Google Drive/8vo/Arquitectura-Computadoras/Proyecto/Burbuja/Burbuja.srcs/sources_1/new/MemoriaPrograma2.vhd:13]
INFO: [Synth 8-3491] module 'UnidadControl' declared at 'C:/Users/YaKerTaker/Google Drive/8vo/Arquitectura-Computadoras/Proyecto/Burbuja/Burbuja.srcs/sources_1/new/UnidadControl.vhd:4' bound to instance 'uc' of component 'UnidadControl' [C:/Users/YaKerTaker/Google Drive/8vo/Arquitectura-Computadoras/Proyecto/Burbuja/Burbuja.srcs/sources_1/new/ESCOMips.vhd:117]
INFO: [Synth 8-638] synthesizing module 'UnidadControl' [C:/Users/YaKerTaker/Google Drive/8vo/Arquitectura-Computadoras/Proyecto/Burbuja/Burbuja.srcs/sources_1/new/UnidadControl.vhd:11]
INFO: [Synth 8-3491] module 'UnidadC' declared at 'C:/Users/YaKerTaker/Google Drive/8vo/Arquitectura-Computadoras/Proyecto/Burbuja/Burbuja.srcs/sources_1/new/UnidadC.vhd:4' bound to instance 'uc' of component 'UnidadC' [C:/Users/YaKerTaker/Google Drive/8vo/Arquitectura-Computadoras/Proyecto/Burbuja/Burbuja.srcs/sources_1/new/UnidadControl.vhd:70]
INFO: [Synth 8-638] synthesizing module 'UnidadC' [C:/Users/YaKerTaker/Google Drive/8vo/Arquitectura-Computadoras/Proyecto/Burbuja/Burbuja.srcs/sources_1/new/UnidadC.vhd:9]
INFO: [Synth 8-256] done synthesizing module 'UnidadC' (3#1) [C:/Users/YaKerTaker/Google Drive/8vo/Arquitectura-Computadoras/Proyecto/Burbuja/Burbuja.srcs/sources_1/new/UnidadC.vhd:9]
INFO: [Synth 8-3491] module 'Condicion' declared at 'C:/Users/YaKerTaker/Google Drive/8vo/Arquitectura-Computadoras/Proyecto/Burbuja/Burbuja.srcs/sources_1/new/Condicion.vhd:4' bound to instance 'con' of component 'Condicion' [C:/Users/YaKerTaker/Google Drive/8vo/Arquitectura-Computadoras/Proyecto/Burbuja/Burbuja.srcs/sources_1/new/UnidadControl.vhd:91]
INFO: [Synth 8-638] synthesizing module 'Condicion' [C:/Users/YaKerTaker/Google Drive/8vo/Arquitectura-Computadoras/Proyecto/Burbuja/Burbuja.srcs/sources_1/new/Condicion.vhd:9]
INFO: [Synth 8-256] done synthesizing module 'Condicion' (4#1) [C:/Users/YaKerTaker/Google Drive/8vo/Arquitectura-Computadoras/Proyecto/Burbuja/Burbuja.srcs/sources_1/new/Condicion.vhd:9]
INFO: [Synth 8-3491] module 'DecodificadorInstruccion' declared at 'C:/Users/YaKerTaker/Google Drive/8vo/Arquitectura-Computadoras/Proyecto/Burbuja/Burbuja.srcs/sources_1/new/DecodificadorInstruccion.vhd:4' bound to instance 'deco' of component 'DecodificadorInstruccion' [C:/Users/YaKerTaker/Google Drive/8vo/Arquitectura-Computadoras/Proyecto/Burbuja/Burbuja.srcs/sources_1/new/UnidadControl.vhd:101]
INFO: [Synth 8-638] synthesizing module 'DecodificadorInstruccion' [C:/Users/YaKerTaker/Google Drive/8vo/Arquitectura-Computadoras/Proyecto/Burbuja/Burbuja.srcs/sources_1/new/DecodificadorInstruccion.vhd:9]
INFO: [Synth 8-256] done synthesizing module 'DecodificadorInstruccion' (5#1) [C:/Users/YaKerTaker/Google Drive/8vo/Arquitectura-Computadoras/Proyecto/Burbuja/Burbuja.srcs/sources_1/new/DecodificadorInstruccion.vhd:9]
INFO: [Synth 8-3491] module 'MfunCode' declared at 'C:/Users/YaKerTaker/Google Drive/8vo/Arquitectura-Computadoras/Proyecto/Burbuja/Burbuja.srcs/sources_1/new/MfunCode.vhd:6' bound to instance 'fun' of component 'MfunCode' [C:/Users/YaKerTaker/Google Drive/8vo/Arquitectura-Computadoras/Proyecto/Burbuja/Burbuja.srcs/sources_1/new/UnidadControl.vhd:112]
INFO: [Synth 8-638] synthesizing module 'MfunCode' [C:/Users/YaKerTaker/Google Drive/8vo/Arquitectura-Computadoras/Proyecto/Burbuja/Burbuja.srcs/sources_1/new/MfunCode.vhd:11]
INFO: [Synth 8-256] done synthesizing module 'MfunCode' (6#1) [C:/Users/YaKerTaker/Google Drive/8vo/Arquitectura-Computadoras/Proyecto/Burbuja/Burbuja.srcs/sources_1/new/MfunCode.vhd:11]
INFO: [Synth 8-3491] module 'MopCode' declared at 'C:/Users/YaKerTaker/Google Drive/8vo/Arquitectura-Computadoras/Proyecto/Burbuja/Burbuja.srcs/sources_1/new/MopCode.vhd:6' bound to instance 'op' of component 'MopCode' [C:/Users/YaKerTaker/Google Drive/8vo/Arquitectura-Computadoras/Proyecto/Burbuja/Burbuja.srcs/sources_1/new/UnidadControl.vhd:117]
INFO: [Synth 8-638] synthesizing module 'MopCode' [C:/Users/YaKerTaker/Google Drive/8vo/Arquitectura-Computadoras/Proyecto/Burbuja/Burbuja.srcs/sources_1/new/MopCode.vhd:11]
INFO: [Synth 8-256] done synthesizing module 'MopCode' (7#1) [C:/Users/YaKerTaker/Google Drive/8vo/Arquitectura-Computadoras/Proyecto/Burbuja/Burbuja.srcs/sources_1/new/MopCode.vhd:11]
INFO: [Synth 8-3491] module 'Mux2CUC' declared at 'C:/Users/YaKerTaker/Google Drive/8vo/Arquitectura-Computadoras/Proyecto/Burbuja/Burbuja.srcs/sources_1/new/Mux2CUC.vhd:4' bound to instance 'mux2' of component 'Mux2CUC' [C:/Users/YaKerTaker/Google Drive/8vo/Arquitectura-Computadoras/Proyecto/Burbuja/Burbuja.srcs/sources_1/new/UnidadControl.vhd:122]
INFO: [Synth 8-638] synthesizing module 'Mux2CUC' [C:/Users/YaKerTaker/Google Drive/8vo/Arquitectura-Computadoras/Proyecto/Burbuja/Burbuja.srcs/sources_1/new/Mux2CUC.vhd:10]
INFO: [Synth 8-256] done synthesizing module 'Mux2CUC' (8#1) [C:/Users/YaKerTaker/Google Drive/8vo/Arquitectura-Computadoras/Proyecto/Burbuja/Burbuja.srcs/sources_1/new/Mux2CUC.vhd:10]
INFO: [Synth 8-3491] module 'MultiplexorUC' declared at 'C:/Users/YaKerTaker/Google Drive/8vo/Arquitectura-Computadoras/Proyecto/Burbuja/Burbuja.srcs/sources_1/new/MultiplexorUC.vhd:4' bound to instance 'mux' of component 'MultiplexorUC' [C:/Users/YaKerTaker/Google Drive/8vo/Arquitectura-Computadoras/Proyecto/Burbuja/Burbuja.srcs/sources_1/new/UnidadControl.vhd:128]
INFO: [Synth 8-638] synthesizing module 'MultiplexorUC' [C:/Users/YaKerTaker/Google Drive/8vo/Arquitectura-Computadoras/Proyecto/Burbuja/Burbuja.srcs/sources_1/new/MultiplexorUC.vhd:11]
INFO: [Synth 8-256] done synthesizing module 'MultiplexorUC' (9#1) [C:/Users/YaKerTaker/Google Drive/8vo/Arquitectura-Computadoras/Proyecto/Burbuja/Burbuja.srcs/sources_1/new/MultiplexorUC.vhd:11]
INFO: [Synth 8-3491] module 'Nivel' declared at 'C:/Users/YaKerTaker/Google Drive/8vo/Arquitectura-Computadoras/Proyecto/Burbuja/Burbuja.srcs/sources_1/new/Nivel.vhd:4' bound to instance 'niv' of component 'Nivel' [C:/Users/YaKerTaker/Google Drive/8vo/Arquitectura-Computadoras/Proyecto/Burbuja/Burbuja.srcs/sources_1/new/UnidadControl.vhd:135]
INFO: [Synth 8-638] synthesizing module 'Nivel' [C:/Users/YaKerTaker/Google Drive/8vo/Arquitectura-Computadoras/Proyecto/Burbuja/Burbuja.srcs/sources_1/new/Nivel.vhd:9]
INFO: [Synth 8-256] done synthesizing module 'Nivel' (10#1) [C:/Users/YaKerTaker/Google Drive/8vo/Arquitectura-Computadoras/Proyecto/Burbuja/Burbuja.srcs/sources_1/new/Nivel.vhd:9]
INFO: [Synth 8-3491] module 'RegistroBanderas' declared at 'C:/Users/YaKerTaker/Google Drive/8vo/Arquitectura-Computadoras/Proyecto/Burbuja/Burbuja.srcs/sources_1/new/RegistroBanderas.vhd:4' bound to instance 'reg' of component 'RegistroBanderas' [C:/Users/YaKerTaker/Google Drive/8vo/Arquitectura-Computadoras/Proyecto/Burbuja/Burbuja.srcs/sources_1/new/UnidadControl.vhd:143]
INFO: [Synth 8-638] synthesizing module 'RegistroBanderas' [C:/Users/YaKerTaker/Google Drive/8vo/Arquitectura-Computadoras/Proyecto/Burbuja/Burbuja.srcs/sources_1/new/RegistroBanderas.vhd:10]
INFO: [Synth 8-256] done synthesizing module 'RegistroBanderas' (11#1) [C:/Users/YaKerTaker/Google Drive/8vo/Arquitectura-Computadoras/Proyecto/Burbuja/Burbuja.srcs/sources_1/new/RegistroBanderas.vhd:10]
INFO: [Synth 8-256] done synthesizing module 'UnidadControl' (12#1) [C:/Users/YaKerTaker/Google Drive/8vo/Arquitectura-Computadoras/Proyecto/Burbuja/Burbuja.srcs/sources_1/new/UnidadControl.vhd:11]
INFO: [Synth 8-3491] module 'MuxSR2' declared at 'C:/Users/YaKerTaker/Google Drive/8vo/Arquitectura-Computadoras/Proyecto/Burbuja/Burbuja.srcs/sources_1/new/MuxSR2.vhd:4' bound to instance 'SR2' of component 'MuxSR2' [C:/Users/YaKerTaker/Google Drive/8vo/Arquitectura-Computadoras/Proyecto/Burbuja/Burbuja.srcs/sources_1/new/ESCOMips.vhd:127]
INFO: [Synth 8-638] synthesizing module 'MuxSR2' [C:/Users/YaKerTaker/Google Drive/8vo/Arquitectura-Computadoras/Proyecto/Burbuja/Burbuja.srcs/sources_1/new/MuxSR2.vhd:10]
INFO: [Synth 8-256] done synthesizing module 'MuxSR2' (13#1) [C:/Users/YaKerTaker/Google Drive/8vo/Arquitectura-Computadoras/Proyecto/Burbuja/Burbuja.srcs/sources_1/new/MuxSR2.vhd:10]
INFO: [Synth 8-3491] module 'Mux16Bits' declared at 'C:/Users/YaKerTaker/Google Drive/8vo/Arquitectura-Computadoras/Proyecto/Burbuja/Burbuja.srcs/sources_1/new/Mux16Bits.vhd:4' bound to instance 'SWD' of component 'Mux16Bits' [C:/Users/YaKerTaker/Google Drive/8vo/Arquitectura-Computadoras/Proyecto/Burbuja/Burbuja.srcs/sources_1/new/ESCOMips.vhd:135]
INFO: [Synth 8-638] synthesizing module 'Mux16Bits' [C:/Users/YaKerTaker/Google Drive/8vo/Arquitectura-Computadoras/Proyecto/Burbuja/Burbuja.srcs/sources_1/new/Mux16Bits.vhd:10]
INFO: [Synth 8-256] done synthesizing module 'Mux16Bits' (14#1) [C:/Users/YaKerTaker/Google Drive/8vo/Arquitectura-Computadoras/Proyecto/Burbuja/Burbuja.srcs/sources_1/new/Mux16Bits.vhd:10]
INFO: [Synth 8-3491] module 'ArchivoRegistros' declared at 'C:/Users/YaKerTaker/Google Drive/8vo/Arquitectura-Computadoras/Proyecto/Burbuja/Burbuja.srcs/sources_1/new/ArchivoRegistros.vhd:4' bound to instance 'fileReg' of component 'ArchivoRegistros' [C:/Users/YaKerTaker/Google Drive/8vo/Arquitectura-Computadoras/Proyecto/Burbuja/Burbuja.srcs/sources_1/new/ESCOMips.vhd:143]
INFO: [Synth 8-638] synthesizing module 'ArchivoRegistros' [C:/Users/YaKerTaker/Google Drive/8vo/Arquitectura-Computadoras/Proyecto/Burbuja/Burbuja.srcs/sources_1/new/ArchivoRegistros.vhd:13]
	Parameter i bound to: 4 - type: integer 
	Parameter n bound to: 16 - type: integer 
INFO: [Synth 8-3491] module 'Demultiplexor' declared at 'C:/Users/YaKerTaker/Google Drive/8vo/Arquitectura-Computadoras/Proyecto/Burbuja/Burbuja.srcs/sources_1/new/Demultiplexor.vhd:4' bound to instance 'demux' of component 'Demultiplexor' [C:/Users/YaKerTaker/Google Drive/8vo/Arquitectura-Computadoras/Proyecto/Burbuja/Burbuja.srcs/sources_1/new/ArchivoRegistros.vhd:51]
INFO: [Synth 8-638] synthesizing module 'Demultiplexor' [C:/Users/YaKerTaker/Google Drive/8vo/Arquitectura-Computadoras/Proyecto/Burbuja/Burbuja.srcs/sources_1/new/Demultiplexor.vhd:10]
INFO: [Synth 8-256] done synthesizing module 'Demultiplexor' (15#1) [C:/Users/YaKerTaker/Google Drive/8vo/Arquitectura-Computadoras/Proyecto/Burbuja/Burbuja.srcs/sources_1/new/Demultiplexor.vhd:10]
INFO: [Synth 8-3491] module 'Registro' declared at 'C:/Users/YaKerTaker/Google Drive/8vo/Arquitectura-Computadoras/Proyecto/Burbuja/Burbuja.srcs/sources_1/new/Registro.vhd:4' bound to instance 'reg' of component 'Registro' [C:/Users/YaKerTaker/Google Drive/8vo/Arquitectura-Computadoras/Proyecto/Burbuja/Burbuja.srcs/sources_1/new/ArchivoRegistros.vhd:58]
INFO: [Synth 8-638] synthesizing module 'Registro' [C:/Users/YaKerTaker/Google Drive/8vo/Arquitectura-Computadoras/Proyecto/Burbuja/Burbuja.srcs/sources_1/new/Registro.vhd:11]
	Parameter n bound to: 16 - type: integer 
INFO: [Synth 8-256] done synthesizing module 'Registro' (16#1) [C:/Users/YaKerTaker/Google Drive/8vo/Arquitectura-Computadoras/Proyecto/Burbuja/Burbuja.srcs/sources_1/new/Registro.vhd:11]
INFO: [Synth 8-3491] module 'Registro' declared at 'C:/Users/YaKerTaker/Google Drive/8vo/Arquitectura-Computadoras/Proyecto/Burbuja/Burbuja.srcs/sources_1/new/Registro.vhd:4' bound to instance 'reg' of component 'Registro' [C:/Users/YaKerTaker/Google Drive/8vo/Arquitectura-Computadoras/Proyecto/Burbuja/Burbuja.srcs/sources_1/new/ArchivoRegistros.vhd:58]
INFO: [Synth 8-3491] module 'Registro' declared at 'C:/Users/YaKerTaker/Google Drive/8vo/Arquitectura-Computadoras/Proyecto/Burbuja/Burbuja.srcs/sources_1/new/Registro.vhd:4' bound to instance 'reg' of component 'Registro' [C:/Users/YaKerTaker/Google Drive/8vo/Arquitectura-Computadoras/Proyecto/Burbuja/Burbuja.srcs/sources_1/new/ArchivoRegistros.vhd:58]
INFO: [Synth 8-3491] module 'Registro' declared at 'C:/Users/YaKerTaker/Google Drive/8vo/Arquitectura-Computadoras/Proyecto/Burbuja/Burbuja.srcs/sources_1/new/Registro.vhd:4' bound to instance 'reg' of component 'Registro' [C:/Users/YaKerTaker/Google Drive/8vo/Arquitectura-Computadoras/Proyecto/Burbuja/Burbuja.srcs/sources_1/new/ArchivoRegistros.vhd:58]
INFO: [Synth 8-3491] module 'Registro' declared at 'C:/Users/YaKerTaker/Google Drive/8vo/Arquitectura-Computadoras/Proyecto/Burbuja/Burbuja.srcs/sources_1/new/Registro.vhd:4' bound to instance 'reg' of component 'Registro' [C:/Users/YaKerTaker/Google Drive/8vo/Arquitectura-Computadoras/Proyecto/Burbuja/Burbuja.srcs/sources_1/new/ArchivoRegistros.vhd:58]
INFO: [Synth 8-3491] module 'Registro' declared at 'C:/Users/YaKerTaker/Google Drive/8vo/Arquitectura-Computadoras/Proyecto/Burbuja/Burbuja.srcs/sources_1/new/Registro.vhd:4' bound to instance 'reg' of component 'Registro' [C:/Users/YaKerTaker/Google Drive/8vo/Arquitectura-Computadoras/Proyecto/Burbuja/Burbuja.srcs/sources_1/new/ArchivoRegistros.vhd:58]
INFO: [Synth 8-3491] module 'Registro' declared at 'C:/Users/YaKerTaker/Google Drive/8vo/Arquitectura-Computadoras/Proyecto/Burbuja/Burbuja.srcs/sources_1/new/Registro.vhd:4' bound to instance 'reg' of component 'Registro' [C:/Users/YaKerTaker/Google Drive/8vo/Arquitectura-Computadoras/Proyecto/Burbuja/Burbuja.srcs/sources_1/new/ArchivoRegistros.vhd:58]
INFO: [Synth 8-3491] module 'Registro' declared at 'C:/Users/YaKerTaker/Google Drive/8vo/Arquitectura-Computadoras/Proyecto/Burbuja/Burbuja.srcs/sources_1/new/Registro.vhd:4' bound to instance 'reg' of component 'Registro' [C:/Users/YaKerTaker/Google Drive/8vo/Arquitectura-Computadoras/Proyecto/Burbuja/Burbuja.srcs/sources_1/new/ArchivoRegistros.vhd:58]
INFO: [Synth 8-3491] module 'Registro' declared at 'C:/Users/YaKerTaker/Google Drive/8vo/Arquitectura-Computadoras/Proyecto/Burbuja/Burbuja.srcs/sources_1/new/Registro.vhd:4' bound to instance 'reg' of component 'Registro' [C:/Users/YaKerTaker/Google Drive/8vo/Arquitectura-Computadoras/Proyecto/Burbuja/Burbuja.srcs/sources_1/new/ArchivoRegistros.vhd:58]
INFO: [Synth 8-3491] module 'Registro' declared at 'C:/Users/YaKerTaker/Google Drive/8vo/Arquitectura-Computadoras/Proyecto/Burbuja/Burbuja.srcs/sources_1/new/Registro.vhd:4' bound to instance 'reg' of component 'Registro' [C:/Users/YaKerTaker/Google Drive/8vo/Arquitectura-Computadoras/Proyecto/Burbuja/Burbuja.srcs/sources_1/new/ArchivoRegistros.vhd:58]
INFO: [Synth 8-3491] module 'Registro' declared at 'C:/Users/YaKerTaker/Google Drive/8vo/Arquitectura-Computadoras/Proyecto/Burbuja/Burbuja.srcs/sources_1/new/Registro.vhd:4' bound to instance 'reg' of component 'Registro' [C:/Users/YaKerTaker/Google Drive/8vo/Arquitectura-Computadoras/Proyecto/Burbuja/Burbuja.srcs/sources_1/new/ArchivoRegistros.vhd:58]
INFO: [Synth 8-3491] module 'Registro' declared at 'C:/Users/YaKerTaker/Google Drive/8vo/Arquitectura-Computadoras/Proyecto/Burbuja/Burbuja.srcs/sources_1/new/Registro.vhd:4' bound to instance 'reg' of component 'Registro' [C:/Users/YaKerTaker/Google Drive/8vo/Arquitectura-Computadoras/Proyecto/Burbuja/Burbuja.srcs/sources_1/new/ArchivoRegistros.vhd:58]
INFO: [Synth 8-3491] module 'Registro' declared at 'C:/Users/YaKerTaker/Google Drive/8vo/Arquitectura-Computadoras/Proyecto/Burbuja/Burbuja.srcs/sources_1/new/Registro.vhd:4' bound to instance 'reg' of component 'Registro' [C:/Users/YaKerTaker/Google Drive/8vo/Arquitectura-Computadoras/Proyecto/Burbuja/Burbuja.srcs/sources_1/new/ArchivoRegistros.vhd:58]
INFO: [Synth 8-3491] module 'Registro' declared at 'C:/Users/YaKerTaker/Google Drive/8vo/Arquitectura-Computadoras/Proyecto/Burbuja/Burbuja.srcs/sources_1/new/Registro.vhd:4' bound to instance 'reg' of component 'Registro' [C:/Users/YaKerTaker/Google Drive/8vo/Arquitectura-Computadoras/Proyecto/Burbuja/Burbuja.srcs/sources_1/new/ArchivoRegistros.vhd:58]
INFO: [Synth 8-3491] module 'Registro' declared at 'C:/Users/YaKerTaker/Google Drive/8vo/Arquitectura-Computadoras/Proyecto/Burbuja/Burbuja.srcs/sources_1/new/Registro.vhd:4' bound to instance 'reg' of component 'Registro' [C:/Users/YaKerTaker/Google Drive/8vo/Arquitectura-Computadoras/Proyecto/Burbuja/Burbuja.srcs/sources_1/new/ArchivoRegistros.vhd:58]
INFO: [Synth 8-3491] module 'Registro' declared at 'C:/Users/YaKerTaker/Google Drive/8vo/Arquitectura-Computadoras/Proyecto/Burbuja/Burbuja.srcs/sources_1/new/Registro.vhd:4' bound to instance 'reg' of component 'Registro' [C:/Users/YaKerTaker/Google Drive/8vo/Arquitectura-Computadoras/Proyecto/Burbuja/Burbuja.srcs/sources_1/new/ArchivoRegistros.vhd:58]
INFO: [Synth 8-3491] module 'Multiplexor' declared at 'C:/Users/YaKerTaker/Google Drive/8vo/Arquitectura-Computadoras/Proyecto/Burbuja/Burbuja.srcs/sources_1/new/Multiplexor.vhd:4' bound to instance 'mux1' of component 'Multiplexor' [C:/Users/YaKerTaker/Google Drive/8vo/Arquitectura-Computadoras/Proyecto/Burbuja/Burbuja.srcs/sources_1/new/ArchivoRegistros.vhd:67]
INFO: [Synth 8-638] synthesizing module 'Multiplexor' [C:/Users/YaKerTaker/Google Drive/8vo/Arquitectura-Computadoras/Proyecto/Burbuja/Burbuja.srcs/sources_1/new/Multiplexor.vhd:10]
INFO: [Synth 8-256] done synthesizing module 'Multiplexor' (17#1) [C:/Users/YaKerTaker/Google Drive/8vo/Arquitectura-Computadoras/Proyecto/Burbuja/Burbuja.srcs/sources_1/new/Multiplexor.vhd:10]
INFO: [Synth 8-3491] module 'Multiplexor' declared at 'C:/Users/YaKerTaker/Google Drive/8vo/Arquitectura-Computadoras/Proyecto/Burbuja/Burbuja.srcs/sources_1/new/Multiplexor.vhd:4' bound to instance 'mux2' of component 'Multiplexor' [C:/Users/YaKerTaker/Google Drive/8vo/Arquitectura-Computadoras/Proyecto/Burbuja/Burbuja.srcs/sources_1/new/ArchivoRegistros.vhd:89]
INFO: [Synth 8-3491] module 'BarrelShifter' declared at 'C:/Users/YaKerTaker/Google Drive/8vo/Arquitectura-Computadoras/Proyecto/Burbuja/Burbuja.srcs/sources_1/new/BarrelShifter.vhd:4' bound to instance 'bs' of component 'BarrelShifter' [C:/Users/YaKerTaker/Google Drive/8vo/Arquitectura-Computadoras/Proyecto/Burbuja/Burbuja.srcs/sources_1/new/ArchivoRegistros.vhd:110]
INFO: [Synth 8-638] synthesizing module 'BarrelShifter' [C:/Users/YaKerTaker/Google Drive/8vo/Arquitectura-Computadoras/Proyecto/Burbuja/Burbuja.srcs/sources_1/new/BarrelShifter.vhd:13]
	Parameter n bound to: 16 - type: integer 
	Parameter corr bound to: 4 - type: integer 
INFO: [Synth 8-256] done synthesizing module 'BarrelShifter' (18#1) [C:/Users/YaKerTaker/Google Drive/8vo/Arquitectura-Computadoras/Proyecto/Burbuja/Burbuja.srcs/sources_1/new/BarrelShifter.vhd:13]
INFO: [Synth 8-3491] module 'Mux2C' declared at 'C:/Users/YaKerTaker/Google Drive/8vo/Arquitectura-Computadoras/Proyecto/Burbuja/Burbuja.srcs/sources_1/new/Mux2C.vhd:4' bound to instance 'mux_2C' of component 'Mux2C' [C:/Users/YaKerTaker/Google Drive/8vo/Arquitectura-Computadoras/Proyecto/Burbuja/Burbuja.srcs/sources_1/new/ArchivoRegistros.vhd:117]
INFO: [Synth 8-638] synthesizing module 'Mux2C' [C:/Users/YaKerTaker/Google Drive/8vo/Arquitectura-Computadoras/Proyecto/Burbuja/Burbuja.srcs/sources_1/new/Mux2C.vhd:11]
	Parameter n bound to: 16 - type: integer 
INFO: [Synth 8-256] done synthesizing module 'Mux2C' (19#1) [C:/Users/YaKerTaker/Google Drive/8vo/Arquitectura-Computadoras/Proyecto/Burbuja/Burbuja.srcs/sources_1/new/Mux2C.vhd:11]
INFO: [Synth 8-256] done synthesizing module 'ArchivoRegistros' (20#1) [C:/Users/YaKerTaker/Google Drive/8vo/Arquitectura-Computadoras/Proyecto/Burbuja/Burbuja.srcs/sources_1/new/ArchivoRegistros.vhd:13]
INFO: [Synth 8-3491] module 'ExtensorSigno' declared at 'C:/Users/YaKerTaker/Google Drive/8vo/Arquitectura-Computadoras/Proyecto/Burbuja/Burbuja.srcs/sources_1/new/ExtensorSigno.vhd:4' bound to instance 'extSig' of component 'ExtensorSigno' [C:/Users/YaKerTaker/Google Drive/8vo/Arquitectura-Computadoras/Proyecto/Burbuja/Burbuja.srcs/sources_1/new/ESCOMips.vhd:159]
INFO: [Synth 8-638] synthesizing module 'ExtensorSigno' [C:/Users/YaKerTaker/Google Drive/8vo/Arquitectura-Computadoras/Proyecto/Burbuja/Burbuja.srcs/sources_1/new/ExtensorSigno.vhd:9]
INFO: [Synth 8-256] done synthesizing module 'ExtensorSigno' (21#1) [C:/Users/YaKerTaker/Google Drive/8vo/Arquitectura-Computadoras/Proyecto/Burbuja/Burbuja.srcs/sources_1/new/ExtensorSigno.vhd:9]
INFO: [Synth 8-3491] module 'ExtensorDireccion' declared at 'C:/Users/YaKerTaker/Google Drive/8vo/Arquitectura-Computadoras/Proyecto/Burbuja/Burbuja.srcs/sources_1/new/ExtensorDireccion.vhd:4' bound to instance 'extDir' of component 'ExtensorDireccion' [C:/Users/YaKerTaker/Google Drive/8vo/Arquitectura-Computadoras/Proyecto/Burbuja/Burbuja.srcs/sources_1/new/ESCOMips.vhd:165]
INFO: [Synth 8-638] synthesizing module 'ExtensorDireccion' [C:/Users/YaKerTaker/Google Drive/8vo/Arquitectura-Computadoras/Proyecto/Burbuja/Burbuja.srcs/sources_1/new/ExtensorDireccion.vhd:9]
INFO: [Synth 8-256] done synthesizing module 'ExtensorDireccion' (22#1) [C:/Users/YaKerTaker/Google Drive/8vo/Arquitectura-Computadoras/Proyecto/Burbuja/Burbuja.srcs/sources_1/new/ExtensorDireccion.vhd:9]
INFO: [Synth 8-3491] module 'Mux16Bits' declared at 'C:/Users/YaKerTaker/Google Drive/8vo/Arquitectura-Computadoras/Proyecto/Burbuja/Burbuja.srcs/sources_1/new/Mux16Bits.vhd:4' bound to instance 'SEXT' of component 'Mux16Bits' [C:/Users/YaKerTaker/Google Drive/8vo/Arquitectura-Computadoras/Proyecto/Burbuja/Burbuja.srcs/sources_1/new/ESCOMips.vhd:171]
INFO: [Synth 8-3491] module 'Mux16Bits' declared at 'C:/Users/YaKerTaker/Google Drive/8vo/Arquitectura-Computadoras/Proyecto/Burbuja/Burbuja.srcs/sources_1/new/Mux16Bits.vhd:4' bound to instance 'SOP1' of component 'Mux16Bits' [C:/Users/YaKerTaker/Google Drive/8vo/Arquitectura-Computadoras/Proyecto/Burbuja/Burbuja.srcs/sources_1/new/ESCOMips.vhd:179]
INFO: [Synth 8-3491] module 'Mux16Bits' declared at 'C:/Users/YaKerTaker/Google Drive/8vo/Arquitectura-Computadoras/Proyecto/Burbuja/Burbuja.srcs/sources_1/new/Mux16Bits.vhd:4' bound to instance 'SOP2' of component 'Mux16Bits' [C:/Users/YaKerTaker/Google Drive/8vo/Arquitectura-Computadoras/Proyecto/Burbuja/Burbuja.srcs/sources_1/new/ESCOMips.vhd:187]
INFO: [Synth 8-3491] module 'ALUNBits' declared at 'C:/Users/YaKerTaker/Google Drive/8vo/Arquitectura-Computadoras/Proyecto/Burbuja/Burbuja.srcs/sources_1/new/ALUNBits.vhd:4' bound to instance 'ALU' of component 'ALUNBits' [C:/Users/YaKerTaker/Google Drive/8vo/Arquitectura-Computadoras/Proyecto/Burbuja/Burbuja.srcs/sources_1/new/ESCOMips.vhd:195]
INFO: [Synth 8-638] synthesizing module 'ALUNBits' [C:/Users/YaKerTaker/Google Drive/8vo/Arquitectura-Computadoras/Proyecto/Burbuja/Burbuja.srcs/sources_1/new/ALUNBits.vhd:12]
	Parameter n bound to: 16 - type: integer 
INFO: [Synth 8-3491] module 'ALU1Bit' declared at 'C:/Users/YaKerTaker/Google Drive/8vo/Arquitectura-Computadoras/Proyecto/Burbuja/Burbuja.srcs/sources_1/new/ALU1Bit.vhd:4' bound to instance 'alu0' of component 'ALU1Bit' [C:/Users/YaKerTaker/Google Drive/8vo/Arquitectura-Computadoras/Proyecto/Burbuja/Burbuja.srcs/sources_1/new/ALUNBits.vhd:24]
INFO: [Synth 8-638] synthesizing module 'ALU1Bit' [C:/Users/YaKerTaker/Google Drive/8vo/Arquitectura-Computadoras/Proyecto/Burbuja/Burbuja.srcs/sources_1/new/ALU1Bit.vhd:10]
INFO: [Synth 8-3491] module 'sum1bit' declared at 'C:/Users/YaKerTaker/Google Drive/8vo/Arquitectura-Computadoras/Proyecto/Burbuja/Burbuja.srcs/sources_1/new/sum1bit.vhd:4' bound to instance 'suma' of component 'sum1bit' [C:/Users/YaKerTaker/Google Drive/8vo/Arquitectura-Computadoras/Proyecto/Burbuja/Burbuja.srcs/sources_1/new/ALU1Bit.vhd:25]
INFO: [Synth 8-638] synthesizing module 'sum1bit' [C:/Users/YaKerTaker/Google Drive/8vo/Arquitectura-Computadoras/Proyecto/Burbuja/Burbuja.srcs/sources_1/new/sum1bit.vhd:9]
INFO: [Synth 8-256] done synthesizing module 'sum1bit' (23#1) [C:/Users/YaKerTaker/Google Drive/8vo/Arquitectura-Computadoras/Proyecto/Burbuja/Burbuja.srcs/sources_1/new/sum1bit.vhd:9]
INFO: [Synth 8-256] done synthesizing module 'ALU1Bit' (24#1) [C:/Users/YaKerTaker/Google Drive/8vo/Arquitectura-Computadoras/Proyecto/Burbuja/Burbuja.srcs/sources_1/new/ALU1Bit.vhd:10]
INFO: [Synth 8-3491] module 'ALU1Bit' declared at 'C:/Users/YaKerTaker/Google Drive/8vo/Arquitectura-Computadoras/Proyecto/Burbuja/Burbuja.srcs/sources_1/new/ALU1Bit.vhd:4' bound to instance 'alu0' of component 'ALU1Bit' [C:/Users/YaKerTaker/Google Drive/8vo/Arquitectura-Computadoras/Proyecto/Burbuja/Burbuja.srcs/sources_1/new/ALUNBits.vhd:24]
INFO: [Synth 8-3491] module 'ALU1Bit' declared at 'C:/Users/YaKerTaker/Google Drive/8vo/Arquitectura-Computadoras/Proyecto/Burbuja/Burbuja.srcs/sources_1/new/ALU1Bit.vhd:4' bound to instance 'alu0' of component 'ALU1Bit' [C:/Users/YaKerTaker/Google Drive/8vo/Arquitectura-Computadoras/Proyecto/Burbuja/Burbuja.srcs/sources_1/new/ALUNBits.vhd:24]
INFO: [Synth 8-3491] module 'ALU1Bit' declared at 'C:/Users/YaKerTaker/Google Drive/8vo/Arquitectura-Computadoras/Proyecto/Burbuja/Burbuja.srcs/sources_1/new/ALU1Bit.vhd:4' bound to instance 'alu0' of component 'ALU1Bit' [C:/Users/YaKerTaker/Google Drive/8vo/Arquitectura-Computadoras/Proyecto/Burbuja/Burbuja.srcs/sources_1/new/ALUNBits.vhd:24]
INFO: [Synth 8-3491] module 'ALU1Bit' declared at 'C:/Users/YaKerTaker/Google Drive/8vo/Arquitectura-Computadoras/Proyecto/Burbuja/Burbuja.srcs/sources_1/new/ALU1Bit.vhd:4' bound to instance 'alu0' of component 'ALU1Bit' [C:/Users/YaKerTaker/Google Drive/8vo/Arquitectura-Computadoras/Proyecto/Burbuja/Burbuja.srcs/sources_1/new/ALUNBits.vhd:24]
INFO: [Synth 8-3491] module 'ALU1Bit' declared at 'C:/Users/YaKerTaker/Google Drive/8vo/Arquitectura-Computadoras/Proyecto/Burbuja/Burbuja.srcs/sources_1/new/ALU1Bit.vhd:4' bound to instance 'alu0' of component 'ALU1Bit' [C:/Users/YaKerTaker/Google Drive/8vo/Arquitectura-Computadoras/Proyecto/Burbuja/Burbuja.srcs/sources_1/new/ALUNBits.vhd:24]
INFO: [Synth 8-3491] module 'ALU1Bit' declared at 'C:/Users/YaKerTaker/Google Drive/8vo/Arquitectura-Computadoras/Proyecto/Burbuja/Burbuja.srcs/sources_1/new/ALU1Bit.vhd:4' bound to instance 'alu0' of component 'ALU1Bit' [C:/Users/YaKerTaker/Google Drive/8vo/Arquitectura-Computadoras/Proyecto/Burbuja/Burbuja.srcs/sources_1/new/ALUNBits.vhd:24]
INFO: [Synth 8-3491] module 'ALU1Bit' declared at 'C:/Users/YaKerTaker/Google Drive/8vo/Arquitectura-Computadoras/Proyecto/Burbuja/Burbuja.srcs/sources_1/new/ALU1Bit.vhd:4' bound to instance 'alu0' of component 'ALU1Bit' [C:/Users/YaKerTaker/Google Drive/8vo/Arquitectura-Computadoras/Proyecto/Burbuja/Burbuja.srcs/sources_1/new/ALUNBits.vhd:24]
INFO: [Synth 8-3491] module 'ALU1Bit' declared at 'C:/Users/YaKerTaker/Google Drive/8vo/Arquitectura-Computadoras/Proyecto/Burbuja/Burbuja.srcs/sources_1/new/ALU1Bit.vhd:4' bound to instance 'alu0' of component 'ALU1Bit' [C:/Users/YaKerTaker/Google Drive/8vo/Arquitectura-Computadoras/Proyecto/Burbuja/Burbuja.srcs/sources_1/new/ALUNBits.vhd:24]
INFO: [Synth 8-3491] module 'ALU1Bit' declared at 'C:/Users/YaKerTaker/Google Drive/8vo/Arquitectura-Computadoras/Proyecto/Burbuja/Burbuja.srcs/sources_1/new/ALU1Bit.vhd:4' bound to instance 'alu0' of component 'ALU1Bit' [C:/Users/YaKerTaker/Google Drive/8vo/Arquitectura-Computadoras/Proyecto/Burbuja/Burbuja.srcs/sources_1/new/ALUNBits.vhd:24]
INFO: [Synth 8-3491] module 'ALU1Bit' declared at 'C:/Users/YaKerTaker/Google Drive/8vo/Arquitectura-Computadoras/Proyecto/Burbuja/Burbuja.srcs/sources_1/new/ALU1Bit.vhd:4' bound to instance 'alu0' of component 'ALU1Bit' [C:/Users/YaKerTaker/Google Drive/8vo/Arquitectura-Computadoras/Proyecto/Burbuja/Burbuja.srcs/sources_1/new/ALUNBits.vhd:24]
INFO: [Synth 8-3491] module 'ALU1Bit' declared at 'C:/Users/YaKerTaker/Google Drive/8vo/Arquitectura-Computadoras/Proyecto/Burbuja/Burbuja.srcs/sources_1/new/ALU1Bit.vhd:4' bound to instance 'alu0' of component 'ALU1Bit' [C:/Users/YaKerTaker/Google Drive/8vo/Arquitectura-Computadoras/Proyecto/Burbuja/Burbuja.srcs/sources_1/new/ALUNBits.vhd:24]
INFO: [Synth 8-3491] module 'ALU1Bit' declared at 'C:/Users/YaKerTaker/Google Drive/8vo/Arquitectura-Computadoras/Proyecto/Burbuja/Burbuja.srcs/sources_1/new/ALU1Bit.vhd:4' bound to instance 'alu0' of component 'ALU1Bit' [C:/Users/YaKerTaker/Google Drive/8vo/Arquitectura-Computadoras/Proyecto/Burbuja/Burbuja.srcs/sources_1/new/ALUNBits.vhd:24]
INFO: [Synth 8-3491] module 'ALU1Bit' declared at 'C:/Users/YaKerTaker/Google Drive/8vo/Arquitectura-Computadoras/Proyecto/Burbuja/Burbuja.srcs/sources_1/new/ALU1Bit.vhd:4' bound to instance 'alu0' of component 'ALU1Bit' [C:/Users/YaKerTaker/Google Drive/8vo/Arquitectura-Computadoras/Proyecto/Burbuja/Burbuja.srcs/sources_1/new/ALUNBits.vhd:24]
INFO: [Synth 8-3491] module 'ALU1Bit' declared at 'C:/Users/YaKerTaker/Google Drive/8vo/Arquitectura-Computadoras/Proyecto/Burbuja/Burbuja.srcs/sources_1/new/ALU1Bit.vhd:4' bound to instance 'alu0' of component 'ALU1Bit' [C:/Users/YaKerTaker/Google Drive/8vo/Arquitectura-Computadoras/Proyecto/Burbuja/Burbuja.srcs/sources_1/new/ALUNBits.vhd:24]
INFO: [Synth 8-3491] module 'ALU1Bit' declared at 'C:/Users/YaKerTaker/Google Drive/8vo/Arquitectura-Computadoras/Proyecto/Burbuja/Burbuja.srcs/sources_1/new/ALU1Bit.vhd:4' bound to instance 'alu0' of component 'ALU1Bit' [C:/Users/YaKerTaker/Google Drive/8vo/Arquitectura-Computadoras/Proyecto/Burbuja/Burbuja.srcs/sources_1/new/ALUNBits.vhd:24]
INFO: [Synth 8-256] done synthesizing module 'ALUNBits' (25#1) [C:/Users/YaKerTaker/Google Drive/8vo/Arquitectura-Computadoras/Proyecto/Burbuja/Burbuja.srcs/sources_1/new/ALUNBits.vhd:12]
INFO: [Synth 8-3491] module 'Mux16Bits' declared at 'C:/Users/YaKerTaker/Google Drive/8vo/Arquitectura-Computadoras/Proyecto/Burbuja/Burbuja.srcs/sources_1/new/Mux16Bits.vhd:4' bound to instance 'SDMD' of component 'Mux16Bits' [C:/Users/YaKerTaker/Google Drive/8vo/Arquitectura-Computadoras/Proyecto/Burbuja/Burbuja.srcs/sources_1/new/ESCOMips.vhd:204]
INFO: [Synth 8-3491] module 'MemoriaDatos' declared at 'C:/Users/YaKerTaker/Google Drive/8vo/Arquitectura-Computadoras/Proyecto/Burbuja/Burbuja.srcs/sources_1/new/MemoriaDatos.vhd:6' bound to instance 'memData' of component 'MemoriaDatos' [C:/Users/YaKerTaker/Google Drive/8vo/Arquitectura-Computadoras/Proyecto/Burbuja/Burbuja.srcs/sources_1/new/ESCOMips.vhd:212]
INFO: [Synth 8-638] synthesizing module 'MemoriaDatos' [C:/Users/YaKerTaker/Google Drive/8vo/Arquitectura-Computadoras/Proyecto/Burbuja/Burbuja.srcs/sources_1/new/MemoriaDatos.vhd:15]
	Parameter m bound to: 10 - type: integer 
	Parameter n bound to: 16 - type: integer 
INFO: [Synth 8-256] done synthesizing module 'MemoriaDatos' (26#1) [C:/Users/YaKerTaker/Google Drive/8vo/Arquitectura-Computadoras/Proyecto/Burbuja/Burbuja.srcs/sources_1/new/MemoriaDatos.vhd:15]
INFO: [Synth 8-3491] module 'Mux16Bits' declared at 'C:/Users/YaKerTaker/Google Drive/8vo/Arquitectura-Computadoras/Proyecto/Burbuja/Burbuja.srcs/sources_1/new/Mux16Bits.vhd:4' bound to instance 'SR' of component 'Mux16Bits' [C:/Users/YaKerTaker/Google Drive/8vo/Arquitectura-Computadoras/Proyecto/Burbuja/Burbuja.srcs/sources_1/new/ESCOMips.vhd:221]
INFO: [Synth 8-3491] module 'Mux16Bits' declared at 'C:/Users/YaKerTaker/Google Drive/8vo/Arquitectura-Computadoras/Proyecto/Burbuja/Burbuja.srcs/sources_1/new/Mux16Bits.vhd:4' bound to instance 'SDMP' of component 'Mux16Bits' [C:/Users/YaKerTaker/Google Drive/8vo/Arquitectura-Computadoras/Proyecto/Burbuja/Burbuja.srcs/sources_1/new/ESCOMips.vhd:229]
INFO: [Synth 8-256] done synthesizing module 'ESCOMips' (27#1) [C:/Users/YaKerTaker/Google Drive/8vo/Arquitectura-Computadoras/Proyecto/Burbuja/Burbuja.srcs/sources_1/new/ESCOMips.vhd:11]
WARNING: [Synth 8-3331] design Condicion has unconnected port Q[3]
WARNING: [Synth 8-3331] design Condicion has unconnected port Q[2]
WARNING: [Synth 8-3331] design UnidadC has unconnected port clk
WARNING: [Synth 8-3331] design UnidadC has unconnected port clr
---------------------------------------------------------------------------------
Finished Synthesize : Time (s): cpu = 00:00:04 ; elapsed = 00:00:06 . Memory (MB): peak = 535.547 ; gain = 245.516
---------------------------------------------------------------------------------
---------------------------------------------------------------------------------
Finished Constraint Validation : Time (s): cpu = 00:00:05 ; elapsed = 00:00:07 . Memory (MB): peak = 535.547 ; gain = 245.516
---------------------------------------------------------------------------------
---------------------------------------------------------------------------------
Start Loading Part and Timing Information
---------------------------------------------------------------------------------
Loading part: xc7a100tcsg324-1
---------------------------------------------------------------------------------
INFO: [Device 21-403] Loading part xc7a100tcsg324-1
Finished Loading Part and Timing Information : Time (s): cpu = 00:00:05 ; elapsed = 00:00:07 . Memory (MB): peak = 535.547 ; gain = 245.516
---------------------------------------------------------------------------------
---------------------------------------------------------------------------------
Finished RTL Optimization Phase 2 : Time (s): cpu = 00:00:06 ; elapsed = 00:00:08 . Memory (MB): peak = 551.211 ; gain = 261.180
---------------------------------------------------------------------------------

Report RTL Partitions: 
+-+--------------+------------+----------+
| |RTL Partition |Replication |Instances |
+-+--------------+------------+----------+
+-+--------------+------------+----------+
No constraint files found.
---------------------------------------------------------------------------------
Start RTL Component Statistics 
---------------------------------------------------------------------------------
Detailed RTL Component Info : 
+---Adders : 
	   2 Input     16 Bit       Adders := 2     
	   2 Input      3 Bit       Adders := 2     
+---XORs : 
	   2 Input      1 Bit         XORs := 50    
	   3 Input      1 Bit         XORs := 16    
+---Registers : 
	               16 Bit    Registers := 24    
	                4 Bit    Registers := 1     
	                3 Bit    Registers := 1     
	                1 Bit    Registers := 3     
+---Muxes : 
	   2 Input     20 Bit        Muxes := 1     
	   2 Input     16 Bit        Muxes := 19    
	   2 Input      5 Bit        Muxes := 1     
	   2 Input      4 Bit        Muxes := 2     
	   2 Input      3 Bit        Muxes := 1     
	   2 Input      1 Bit        Muxes := 55    
	   8 Input      1 Bit        Muxes := 7     
	   4 Input      1 Bit        Muxes := 16    
---------------------------------------------------------------------------------
Finished RTL Component Statistics 
---------------------------------------------------------------------------------
---------------------------------------------------------------------------------
Start RTL Hierarchical Component Statistics 
---------------------------------------------------------------------------------
Hierarchical RTL Component report 
Module ESCOMips 
Detailed RTL Component Info : 
+---Registers : 
	                1 Bit    Registers := 1     
Module Pila 
Detailed RTL Component Info : 
+---Adders : 
	   2 Input     16 Bit       Adders := 2     
	   2 Input      3 Bit       Adders := 2     
+---Registers : 
	               16 Bit    Registers := 8     
	                3 Bit    Registers := 1     
+---Muxes : 
	   2 Input     16 Bit        Muxes := 3     
	   2 Input      3 Bit        Muxes := 1     
	   2 Input      1 Bit        Muxes := 49    
Module UnidadC 
Detailed RTL Component Info : 
+---Muxes : 
	   2 Input      1 Bit        Muxes := 6     
Module DecodificadorInstruccion 
Detailed RTL Component Info : 
+---Muxes : 
	   8 Input      1 Bit        Muxes := 7     
Module Mux2CUC 
Detailed RTL Component Info : 
+---Muxes : 
	   2 Input      5 Bit        Muxes := 1     
Module MultiplexorUC 
Detailed RTL Component Info : 
+---Muxes : 
	   2 Input     20 Bit        Muxes := 1     
Module Nivel 
Detailed RTL Component Info : 
+---XORs : 
	   2 Input      1 Bit         XORs := 1     
+---Registers : 
	                1 Bit    Registers := 2     
Module RegistroBanderas 
Detailed RTL Component Info : 
+---Registers : 
	                4 Bit    Registers := 1     
Module MuxSR2 
Detailed RTL Component Info : 
+---Muxes : 
	   2 Input      4 Bit        Muxes := 1     
Module Mux16Bits 
Detailed RTL Component Info : 
+---Muxes : 
	   2 Input     16 Bit        Muxes := 1     
Module BarrelShifter 
Detailed RTL Component Info : 
+---Muxes : 
	   2 Input     16 Bit        Muxes := 8     
Module Mux2C 
Detailed RTL Component Info : 
+---Muxes : 
	   2 Input     16 Bit        Muxes := 1     
Module Registro 
Detailed RTL Component Info : 
+---Registers : 
	               16 Bit    Registers := 1     
Module sum1bit 
Detailed RTL Component Info : 
+---XORs : 
	   3 Input      1 Bit         XORs := 1     
Module ALU1Bit 
Detailed RTL Component Info : 
+---XORs : 
	   2 Input      1 Bit         XORs := 3     
+---Muxes : 
	   4 Input      1 Bit        Muxes := 1     
Module ALUNBits 
Detailed RTL Component Info : 
+---XORs : 
	   2 Input      1 Bit         XORs := 1     
+---Muxes : 
	   2 Input      4 Bit        Muxes := 1     
---------------------------------------------------------------------------------
Finished RTL Hierarchical Component Statistics
---------------------------------------------------------------------------------
---------------------------------------------------------------------------------
Start Part Resource Summary
---------------------------------------------------------------------------------
Part Resources:
DSPs: 240 (col length:80)
BRAMs: 270 (col length: RAMB18 80 RAMB36 40)
---------------------------------------------------------------------------------
Finished Part Resource Summary
---------------------------------------------------------------------------------
No constraint files found.
---------------------------------------------------------------------------------
Start Cross Boundary and Area Optimization
---------------------------------------------------------------------------------
Warning: Parallel synthesis criteria is not met 
---------------------------------------------------------------------------------
Finished Cross Boundary and Area Optimization : Time (s): cpu = 00:00:28 ; elapsed = 00:00:32 . Memory (MB): peak = 777.297 ; gain = 487.266
---------------------------------------------------------------------------------
---------------------------------------------------------------------------------
Start ROM, RAM, DSP and Shift Register Reporting
---------------------------------------------------------------------------------

ROM:
+-----------------+------------+---------------+----------------+
|Module Name      | RTL Object | Depth x Width | Implemented As | 
+-----------------+------------+---------------+----------------+
|MemoriaPrograma2 | aux[0]     | 1024x21       | LUT            | 
|MemoriaPrograma2 | aux[0]     | 1024x21       | LUT            | 
+-----------------+------------+---------------+----------------+


Distributed RAM: Preliminary Mapping  Report (see note below)
+------------+-----------------+-----------+----------------------+------------------+
|Module Name | RTL Object      | Inference | Size (Depth x Width) | Primitives       | 
+------------+-----------------+-----------+----------------------+------------------+
|ESCOMips    | memData/aux_reg | Implied   | 1 K x 16             | RAM256X1S x 64   | 
+------------+-----------------+-----------+----------------------+------------------+

Note: The table above is a preliminary report that shows the Distributed RAMs at the current stage of the synthesis flow. Some Distributed RAMs may be reimplemented as non Distributed RAM primitives later in the synthesis flow. Multiple instantiated RAMs are reported only once.
---------------------------------------------------------------------------------
Finished ROM, RAM, DSP and Shift Register Reporting
---------------------------------------------------------------------------------

Report RTL Partitions: 
+-+--------------+------------+----------+
| |RTL Partition |Replication |Instances |
+-+--------------+------------+----------+
+-+--------------+------------+----------+
No constraint files found.
---------------------------------------------------------------------------------
Start Timing Optimization
---------------------------------------------------------------------------------
---------------------------------------------------------------------------------
Finished Timing Optimization : Time (s): cpu = 00:00:30 ; elapsed = 00:00:34 . Memory (MB): peak = 777.297 ; gain = 487.266
---------------------------------------------------------------------------------
---------------------------------------------------------------------------------
Start ROM, RAM, DSP and Shift Register Reporting
---------------------------------------------------------------------------------

Distributed RAM: Final Mapping  Report
+------------+-----------------+-----------+----------------------+------------------+
|Module Name | RTL Object      | Inference | Size (Depth x Width) | Primitives       | 
+------------+-----------------+-----------+----------------------+------------------+
|ESCOMips    | memData/aux_reg | Implied   | 1 K x 16             | RAM256X1S x 64   | 
+------------+-----------------+-----------+----------------------+------------------+

---------------------------------------------------------------------------------
Finished ROM, RAM, DSP and Shift Register Reporting
---------------------------------------------------------------------------------

Report RTL Partitions: 
+-+--------------+------------+----------+
| |RTL Partition |Replication |Instances |
+-+--------------+------------+----------+
+-+--------------+------------+----------+
---------------------------------------------------------------------------------
Start Technology Mapping
---------------------------------------------------------------------------------
---------------------------------------------------------------------------------
Finished Technology Mapping : Time (s): cpu = 00:00:32 ; elapsed = 00:00:36 . Memory (MB): peak = 777.297 ; gain = 487.266
---------------------------------------------------------------------------------

Report RTL Partitions: 
+-+--------------+------------+----------+
| |RTL Partition |Replication |Instances |
+-+--------------+------------+----------+
+-+--------------+------------+----------+
---------------------------------------------------------------------------------
Start IO Insertion
---------------------------------------------------------------------------------
---------------------------------------------------------------------------------
Start Flattening Before IO Insertion
---------------------------------------------------------------------------------
---------------------------------------------------------------------------------
Finished Flattening Before IO Insertion
---------------------------------------------------------------------------------
---------------------------------------------------------------------------------
Start Final Netlist Cleanup
---------------------------------------------------------------------------------
---------------------------------------------------------------------------------
Finished Final Netlist Cleanup
---------------------------------------------------------------------------------
---------------------------------------------------------------------------------
Finished IO Insertion : Time (s): cpu = 00:00:35 ; elapsed = 00:00:38 . Memory (MB): peak = 777.297 ; gain = 487.266
---------------------------------------------------------------------------------

Report Check Netlist: 
+------+------------------+-------+---------+-------+------------------+
|      |Item              |Errors |Warnings |Status |Description       |
+------+------------------+-------+---------+-------+------------------+
|1     |multi_driven_nets |      0|        0|Passed |Multi driven nets |
+------+------------------+-------+---------+-------+------------------+
---------------------------------------------------------------------------------
Start Renaming Generated Instances
---------------------------------------------------------------------------------
---------------------------------------------------------------------------------
Finished Renaming Generated Instances : Time (s): cpu = 00:00:35 ; elapsed = 00:00:38 . Memory (MB): peak = 777.297 ; gain = 487.266
---------------------------------------------------------------------------------

Report RTL Partitions: 
+-+--------------+------------+----------+
| |RTL Partition |Replication |Instances |
+-+--------------+------------+----------+
+-+--------------+------------+----------+
---------------------------------------------------------------------------------
Start Rebuilding User Hierarchy
---------------------------------------------------------------------------------
---------------------------------------------------------------------------------
Finished Rebuilding User Hierarchy : Time (s): cpu = 00:00:35 ; elapsed = 00:00:38 . Memory (MB): peak = 777.297 ; gain = 487.266
---------------------------------------------------------------------------------
---------------------------------------------------------------------------------
Start Renaming Generated Ports
---------------------------------------------------------------------------------
---------------------------------------------------------------------------------
Finished Renaming Generated Ports : Time (s): cpu = 00:00:35 ; elapsed = 00:00:38 . Memory (MB): peak = 777.297 ; gain = 487.266
---------------------------------------------------------------------------------
---------------------------------------------------------------------------------
Start Handling Custom Attributes
---------------------------------------------------------------------------------
---------------------------------------------------------------------------------
Finished Handling Custom Attributes : Time (s): cpu = 00:00:35 ; elapsed = 00:00:38 . Memory (MB): peak = 777.297 ; gain = 487.266
---------------------------------------------------------------------------------
---------------------------------------------------------------------------------
Start Renaming Generated Nets
---------------------------------------------------------------------------------
---------------------------------------------------------------------------------
Finished Renaming Generated Nets : Time (s): cpu = 00:00:35 ; elapsed = 00:00:38 . Memory (MB): peak = 777.297 ; gain = 487.266
---------------------------------------------------------------------------------
---------------------------------------------------------------------------------
Start Writing Synthesis Report
---------------------------------------------------------------------------------

Report BlackBoxes: 
+-+--------------+----------+
| |BlackBox name |Instances |
+-+--------------+----------+
+-+--------------+----------+

Report Cell Usage: 
+------+----------+------+
|      |Cell      |Count |
+------+----------+------+
|1     |BUFG      |     1|
|2     |CARRY4    |     8|
|3     |LUT1      |    50|
|4     |LUT2      |    39|
|5     |LUT3      |    98|
|6     |LUT4      |    38|
|7     |LUT5      |    60|
|8     |LUT6      |   364|
|9     |MUXF7     |    29|
|10    |MUXF8     |     8|
|11    |RAM256X1S |    64|
|12    |FDCE      |   391|
|13    |FDRE      |     1|
|14    |IBUF      |     2|
|15    |OBUF      |    99|
+------+----------+------+

Report Instance Areas: 
+------+------------------------+-----------------+------+
|      |Instance                |Module           |Cells |
+------+------------------------+-----------------+------+
|1     |top                     |                 |  1252|
|2     |  memData               |MemoriaDatos     |    80|
|3     |  fileReg               |ArchivoRegistros |   466|
|4     |    \registros[0].reg   |Registro         |    51|
|5     |    \registros[10].reg  |Registro_0       |    16|
|6     |    \registros[11].reg  |Registro_1       |    17|
|7     |    \registros[12].reg  |Registro_2       |    47|
|8     |    \registros[13].reg  |Registro_3       |    37|
|9     |    \registros[14].reg  |Registro_4       |    16|
|10    |    \registros[15].reg  |Registro_5       |    50|
|11    |    \registros[1].reg   |Registro_6       |    23|
|12    |    \registros[2].reg   |Registro_7       |    16|
|13    |    \registros[3].reg   |Registro_8       |    25|
|14    |    \registros[4].reg   |Registro_9       |    32|
|15    |    \registros[5].reg   |Registro_10      |    18|
|16    |    \registros[6].reg   |Registro_11      |    16|
|17    |    \registros[7].reg   |Registro_12      |    30|
|18    |    \registros[8].reg   |Registro_13      |    41|
|19    |    \registros[9].reg   |Registro_14      |    31|
|20    |  memProg               |MemoriaPrograma2 |    38|
|21    |  stack                 |Pila             |   557|
|22    |  uc                    |UnidadControl    |     8|
|23    |    niv                 |Nivel            |     5|
|24    |    \reg                |RegistroBanderas |     3|
+------+------------------------+-----------------+------+
---------------------------------------------------------------------------------
Finished Writing Synthesis Report : Time (s): cpu = 00:00:35 ; elapsed = 00:00:38 . Memory (MB): peak = 777.297 ; gain = 487.266
---------------------------------------------------------------------------------
Synthesis finished with 0 errors, 0 critical warnings and 4 warnings.
Synthesis Optimization Runtime : Time (s): cpu = 00:00:35 ; elapsed = 00:00:38 . Memory (MB): peak = 777.297 ; gain = 487.266
Synthesis Optimization Complete : Time (s): cpu = 00:00:35 ; elapsed = 00:00:38 . Memory (MB): peak = 777.297 ; gain = 487.266
INFO: [Project 1-571] Translating synthesized netlist
INFO: [Netlist 29-17] Analyzing 109 Unisim elements for replacement
INFO: [Netlist 29-28] Unisim Transformation completed in 0 CPU seconds
INFO: [Project 1-570] Preparing netlist for logic optimization
INFO: [Opt 31-138] Pushed 0 inverter(s) to 0 load pin(s).
Netlist sorting complete. Time (s): cpu = 00:00:00 ; elapsed = 00:00:00 . Memory (MB): peak = 820.586 ; gain = 0.000
INFO: [Project 1-111] Unisim Transformation Summary:
  A total of 64 instances were transformed.
  RAM256X1S => RAM256X1S (MUXF7, MUXF7, MUXF8, RAMS64E, RAMS64E, RAMS64E, RAMS64E): 64 instances

INFO: [Common 17-83] Releasing license: Synthesis
126 Infos, 4 Warnings, 0 Critical Warnings and 0 Errors encountered.
synth_design completed successfully
synth_design: Time (s): cpu = 00:00:40 ; elapsed = 00:00:44 . Memory (MB): peak = 820.586 ; gain = 530.555
Netlist sorting complete. Time (s): cpu = 00:00:00 ; elapsed = 00:00:00.001 . Memory (MB): peak = 820.586 ; gain = 0.000
WARNING: [Constraints 18-5210] No constraints selected for write.
Resolution: This message can indicate that there are no constraints for the design, or it can indicate that the used_in flags are set such that the constraints are ignored. This later case is used when running synth_design to not write synthesis constraints to the resulting checkpoint. Instead, project constraints are read when the synthesized design is opened.
INFO: [Common 17-1381] The checkpoint 'C:/Users/YaKerTaker/Google Drive/8vo/Arquitectura-Computadoras/Proyecto/Burbuja/Burbuja.runs/synth_1/ESCOMips.dcp' has been generated.
INFO: [runtcl-4] Executing : report_utilization -file ESCOMips_utilization_synth.rpt -pb ESCOMips_utilization_synth.pb
INFO: [Common 17-206] Exiting Vivado at Sun Jul  5 14:06:34 2020...
